WARNING - 2024-01-30 12:44:37 --> [DEPRECATED] Creation of dynamic property App\Controllers\Productos::$unidades is deprecated in APPPATH\Controllers\Productos.php on line 14.
 1 SYSTEMPATH\CodeIgniter.php(913): App\Controllers\Productos->__construct()
 2 SYSTEMPATH\CodeIgniter.php(493): CodeIgniter\CodeIgniter->createController()
 3 SYSTEMPATH\CodeIgniter.php(361): CodeIgniter\CodeIgniter->handleRequest(null, Object(Config\Cache), false)
 4 FCPATH\index.php(79): CodeIgniter\CodeIgniter->run()
WARNING - 2024-01-30 12:44:37 --> [DEPRECATED] Creation of dynamic property App\Controllers\Productos::$categorias is deprecated in APPPATH\Controllers\Productos.php on line 15.
 1 SYSTEMPATH\CodeIgniter.php(913): App\Controllers\Productos->__construct()
 2 SYSTEMPATH\CodeIgniter.php(493): CodeIgniter\CodeIgniter->createController()
 3 SYSTEMPATH\CodeIgniter.php(361): CodeIgniter\CodeIgniter->handleRequest(null, Object(Config\Cache), false)
 4 FCPATH\index.php(79): CodeIgniter\CodeIgniter->run()
WARNING - 2024-01-30 12:44:39 --> [DEPRECATED] Creation of dynamic property App\Controllers\Productos::$unidades is deprecated in APPPATH\Controllers\Productos.php on line 14.
 1 SYSTEMPATH\CodeIgniter.php(913): App\Controllers\Productos->__construct()
 2 SYSTEMPATH\CodeIgniter.php(493): CodeIgniter\CodeIgniter->createController()
 3 SYSTEMPATH\CodeIgniter.php(361): CodeIgniter\CodeIgniter->handleRequest(null, Object(Config\Cache), false)
 4 FCPATH\index.php(79): CodeIgniter\CodeIgniter->run()
WARNING - 2024-01-30 12:44:39 --> [DEPRECATED] Creation of dynamic property App\Controllers\Productos::$categorias is deprecated in APPPATH\Controllers\Productos.php on line 15.
 1 SYSTEMPATH\CodeIgniter.php(913): App\Controllers\Productos->__construct()
 2 SYSTEMPATH\CodeIgniter.php(493): CodeIgniter\CodeIgniter->createController()
 3 SYSTEMPATH\CodeIgniter.php(361): CodeIgniter\CodeIgniter->handleRequest(null, Object(Config\Cache), false)
 4 FCPATH\index.php(79): CodeIgniter\CodeIgniter->run()
WARNING - 2024-01-30 12:47:28 --> [DEPRECATED] Creation of dynamic property App\Controllers\Productos::$unidades is deprecated in APPPATH\Controllers\Productos.php on line 14.
 1 SYSTEMPATH\CodeIgniter.php(913): App\Controllers\Productos->__construct()
 2 SYSTEMPATH\CodeIgniter.php(493): CodeIgniter\CodeIgniter->createController()
 3 SYSTEMPATH\CodeIgniter.php(361): CodeIgniter\CodeIgniter->handleRequest(null, Object(Config\Cache), false)
 4 FCPATH\index.php(79): CodeIgniter\CodeIgniter->run()
WARNING - 2024-01-30 12:47:28 --> [DEPRECATED] Creation of dynamic property App\Controllers\Productos::$categorias is deprecated in APPPATH\Controllers\Productos.php on line 15.
 1 SYSTEMPATH\CodeIgniter.php(913): App\Controllers\Productos->__construct()
 2 SYSTEMPATH\CodeIgniter.php(493): CodeIgniter\CodeIgniter->createController()
 3 SYSTEMPATH\CodeIgniter.php(361): CodeIgniter\CodeIgniter->handleRequest(null, Object(Config\Cache), false)
 4 FCPATH\index.php(79): CodeIgniter\CodeIgniter->run()
CRITICAL - 2024-01-30 12:47:28 --> ErrorException: Undefined variable $unidades
in APPPATH\Views\productos\nuevo.php on line 26.
 1 APPPATH\Views\productos\nuevo.php(26): CodeIgniter\Debug\Exceptions->errorHandler(2, 'Undefined variable $unidades', 'C:\\xampp\\htdocs\\pos-php\\app\\Views\\productos\\nuevo.php', 26)
 2 SYSTEMPATH\View\View.php(228): include('C:\\xampp\\htdocs\\pos-php\\app\\Views\\productos\\nuevo.php')
 3 SYSTEMPATH\View\View.php(231): CodeIgniter\View\View->CodeIgniter\View\{closure}()
 4 SYSTEMPATH\Common.php(1178): CodeIgniter\View\View->render('productos/nuevo', [], true)
 5 APPPATH\Controllers\Productos.php(65): view('productos/nuevo', [...])
 6 SYSTEMPATH\CodeIgniter.php(941): App\Controllers\Productos->insertar()
 7 SYSTEMPATH\CodeIgniter.php(502): CodeIgniter\CodeIgniter->runController(Object(App\Controllers\Productos))
 8 SYSTEMPATH\CodeIgniter.php(361): CodeIgniter\CodeIgniter->handleRequest(null, Object(Config\Cache), false)
 9 FCPATH\index.php(79): CodeIgniter\CodeIgniter->run()
WARNING - 2024-01-30 13:01:11 --> [DEPRECATED] Creation of dynamic property App\Controllers\Productos::$unidades is deprecated in APPPATH\Controllers\Productos.php on line 14.
 1 SYSTEMPATH\CodeIgniter.php(913): App\Controllers\Productos->__construct()
 2 SYSTEMPATH\CodeIgniter.php(493): CodeIgniter\CodeIgniter->createController()
 3 SYSTEMPATH\CodeIgniter.php(361): CodeIgniter\CodeIgniter->handleRequest(null, Object(Config\Cache), false)
 4 FCPATH\index.php(79): CodeIgniter\CodeIgniter->run()
WARNING - 2024-01-30 13:01:11 --> [DEPRECATED] Creation of dynamic property App\Controllers\Productos::$categorias is deprecated in APPPATH\Controllers\Productos.php on line 15.
 1 SYSTEMPATH\CodeIgniter.php(913): App\Controllers\Productos->__construct()
 2 SYSTEMPATH\CodeIgniter.php(493): CodeIgniter\CodeIgniter->createController()
 3 SYSTEMPATH\CodeIgniter.php(361): CodeIgniter\CodeIgniter->handleRequest(null, Object(Config\Cache), false)
 4 FCPATH\index.php(79): CodeIgniter\CodeIgniter->run()
WARNING - 2024-01-30 13:01:13 --> [DEPRECATED] Creation of dynamic property App\Controllers\Productos::$unidades is deprecated in APPPATH\Controllers\Productos.php on line 14.
 1 SYSTEMPATH\CodeIgniter.php(913): App\Controllers\Productos->__construct()
 2 SYSTEMPATH\CodeIgniter.php(493): CodeIgniter\CodeIgniter->createController()
 3 SYSTEMPATH\CodeIgniter.php(361): CodeIgniter\CodeIgniter->handleRequest(null, Object(Config\Cache), false)
 4 FCPATH\index.php(79): CodeIgniter\CodeIgniter->run()
WARNING - 2024-01-30 13:01:13 --> [DEPRECATED] Creation of dynamic property App\Controllers\Productos::$categorias is deprecated in APPPATH\Controllers\Productos.php on line 15.
 1 SYSTEMPATH\CodeIgniter.php(913): App\Controllers\Productos->__construct()
 2 SYSTEMPATH\CodeIgniter.php(493): CodeIgniter\CodeIgniter->createController()
 3 SYSTEMPATH\CodeIgniter.php(361): CodeIgniter\CodeIgniter->handleRequest(null, Object(Config\Cache), false)
 4 FCPATH\index.php(79): CodeIgniter\CodeIgniter->run()
WARNING - 2024-01-30 13:01:25 --> [DEPRECATED] Creation of dynamic property App\Controllers\Productos::$unidades is deprecated in APPPATH\Controllers\Productos.php on line 14.
 1 SYSTEMPATH\CodeIgniter.php(913): App\Controllers\Productos->__construct()
 2 SYSTEMPATH\CodeIgniter.php(493): CodeIgniter\CodeIgniter->createController()
 3 SYSTEMPATH\CodeIgniter.php(361): CodeIgniter\CodeIgniter->handleRequest(null, Object(Config\Cache), false)
 4 FCPATH\index.php(79): CodeIgniter\CodeIgniter->run()
WARNING - 2024-01-30 13:01:25 --> [DEPRECATED] Creation of dynamic property App\Controllers\Productos::$categorias is deprecated in APPPATH\Controllers\Productos.php on line 15.
 1 SYSTEMPATH\CodeIgniter.php(913): App\Controllers\Productos->__construct()
 2 SYSTEMPATH\CodeIgniter.php(493): CodeIgniter\CodeIgniter->createController()
 3 SYSTEMPATH\CodeIgniter.php(361): CodeIgniter\CodeIgniter->handleRequest(null, Object(Config\Cache), false)
 4 FCPATH\index.php(79): CodeIgniter\CodeIgniter->run()
CRITICAL - 2024-01-30 13:01:25 --> ErrorException: Undefined variable $unidades
in APPPATH\Views\productos\nuevo.php on line 26.
 1 APPPATH\Views\productos\nuevo.php(26): CodeIgniter\Debug\Exceptions->errorHandler(2, 'Undefined variable $unidades', 'C:\\xampp\\htdocs\\pos-php\\app\\Views\\productos\\nuevo.php', 26)
 2 SYSTEMPATH\View\View.php(228): include('C:\\xampp\\htdocs\\pos-php\\app\\Views\\productos\\nuevo.php')
 3 SYSTEMPATH\View\View.php(231): CodeIgniter\View\View->CodeIgniter\View\{closure}()
 4 SYSTEMPATH\Common.php(1178): CodeIgniter\View\View->render('productos/nuevo', [], true)
 5 APPPATH\Controllers\Productos.php(66): view('productos/nuevo', [...])
 6 SYSTEMPATH\CodeIgniter.php(941): App\Controllers\Productos->insertar()
 7 SYSTEMPATH\CodeIgniter.php(502): CodeIgniter\CodeIgniter->runController(Object(App\Controllers\Productos))
 8 SYSTEMPATH\CodeIgniter.php(361): CodeIgniter\CodeIgniter->handleRequest(null, Object(Config\Cache), false)
 9 FCPATH\index.php(79): CodeIgniter\CodeIgniter->run()
WARNING - 2024-01-30 13:02:01 --> [DEPRECATED] Creation of dynamic property App\Controllers\Productos::$unidades is deprecated in APPPATH\Controllers\Productos.php on line 14.
 1 SYSTEMPATH\CodeIgniter.php(913): App\Controllers\Productos->__construct()
 2 SYSTEMPATH\CodeIgniter.php(493): CodeIgniter\CodeIgniter->createController()
 3 SYSTEMPATH\CodeIgniter.php(361): CodeIgniter\CodeIgniter->handleRequest(null, Object(Config\Cache), false)
 4 FCPATH\index.php(79): CodeIgniter\CodeIgniter->run()
WARNING - 2024-01-30 13:02:01 --> [DEPRECATED] Creation of dynamic property App\Controllers\Productos::$categorias is deprecated in APPPATH\Controllers\Productos.php on line 15.
 1 SYSTEMPATH\CodeIgniter.php(913): App\Controllers\Productos->__construct()
 2 SYSTEMPATH\CodeIgniter.php(493): CodeIgniter\CodeIgniter->createController()
 3 SYSTEMPATH\CodeIgniter.php(361): CodeIgniter\CodeIgniter->handleRequest(null, Object(Config\Cache), false)
 4 FCPATH\index.php(79): CodeIgniter\CodeIgniter->run()
WARNING - 2024-01-30 13:25:43 --> [DEPRECATED] Creation of dynamic property App\Controllers\Productos::$unidades is deprecated in APPPATH\Controllers\Productos.php on line 14.
 1 SYSTEMPATH\CodeIgniter.php(913): App\Controllers\Productos->__construct()
 2 SYSTEMPATH\CodeIgniter.php(493): CodeIgniter\CodeIgniter->createController()
 3 SYSTEMPATH\CodeIgniter.php(361): CodeIgniter\CodeIgniter->handleRequest(null, Object(Config\Cache), false)
 4 FCPATH\index.php(79): CodeIgniter\CodeIgniter->run()
WARNING - 2024-01-30 13:25:43 --> [DEPRECATED] Creation of dynamic property App\Controllers\Productos::$categorias is deprecated in APPPATH\Controllers\Productos.php on line 15.
 1 SYSTEMPATH\CodeIgniter.php(913): App\Controllers\Productos->__construct()
 2 SYSTEMPATH\CodeIgniter.php(493): CodeIgniter\CodeIgniter->createController()
 3 SYSTEMPATH\CodeIgniter.php(361): CodeIgniter\CodeIgniter->handleRequest(null, Object(Config\Cache), false)
 4 FCPATH\index.php(79): CodeIgniter\CodeIgniter->run()
WARNING - 2024-01-30 13:25:46 --> [DEPRECATED] Creation of dynamic property App\Controllers\Productos::$unidades is deprecated in APPPATH\Controllers\Productos.php on line 14.
 1 SYSTEMPATH\CodeIgniter.php(913): App\Controllers\Productos->__construct()
 2 SYSTEMPATH\CodeIgniter.php(493): CodeIgniter\CodeIgniter->createController()
 3 SYSTEMPATH\CodeIgniter.php(361): CodeIgniter\CodeIgniter->handleRequest(null, Object(Config\Cache), false)
 4 FCPATH\index.php(79): CodeIgniter\CodeIgniter->run()
WARNING - 2024-01-30 13:25:46 --> [DEPRECATED] Creation of dynamic property App\Controllers\Productos::$categorias is deprecated in APPPATH\Controllers\Productos.php on line 15.
 1 SYSTEMPATH\CodeIgniter.php(913): App\Controllers\Productos->__construct()
 2 SYSTEMPATH\CodeIgniter.php(493): CodeIgniter\CodeIgniter->createController()
 3 SYSTEMPATH\CodeIgniter.php(361): CodeIgniter\CodeIgniter->handleRequest(null, Object(Config\Cache), false)
 4 FCPATH\index.php(79): CodeIgniter\CodeIgniter->run()
WARNING - 2024-01-30 13:26:11 --> [DEPRECATED] Creation of dynamic property App\Controllers\Productos::$unidades is deprecated in APPPATH\Controllers\Productos.php on line 14.
 1 SYSTEMPATH\CodeIgniter.php(913): App\Controllers\Productos->__construct()
 2 SYSTEMPATH\CodeIgniter.php(493): CodeIgniter\CodeIgniter->createController()
 3 SYSTEMPATH\CodeIgniter.php(361): CodeIgniter\CodeIgniter->handleRequest(null, Object(Config\Cache), false)
 4 FCPATH\index.php(79): CodeIgniter\CodeIgniter->run()
WARNING - 2024-01-30 13:26:11 --> [DEPRECATED] Creation of dynamic property App\Controllers\Productos::$categorias is deprecated in APPPATH\Controllers\Productos.php on line 15.
 1 SYSTEMPATH\CodeIgniter.php(913): App\Controllers\Productos->__construct()
 2 SYSTEMPATH\CodeIgniter.php(493): CodeIgniter\CodeIgniter->createController()
 3 SYSTEMPATH\CodeIgniter.php(361): CodeIgniter\CodeIgniter->handleRequest(null, Object(Config\Cache), false)
 4 FCPATH\index.php(79): CodeIgniter\CodeIgniter->run()
CRITICAL - 2024-01-30 13:26:11 --> ErrorException: Undefined variable $unidades
in APPPATH\Views\productos\nuevo.php on line 26.
 1 APPPATH\Views\productos\nuevo.php(26): CodeIgniter\Debug\Exceptions->errorHandler(2, 'Undefined variable $unidades', 'C:\\xampp\\htdocs\\pos-php\\app\\Views\\productos\\nuevo.php', 26)
 2 SYSTEMPATH\View\View.php(228): include('C:\\xampp\\htdocs\\pos-php\\app\\Views\\productos\\nuevo.php')
 3 SYSTEMPATH\View\View.php(231): CodeIgniter\View\View->CodeIgniter\View\{closure}()
 4 SYSTEMPATH\Common.php(1178): CodeIgniter\View\View->render('productos/nuevo', [], true)
 5 APPPATH\Controllers\Productos.php(66): view('productos/nuevo', [...])
 6 SYSTEMPATH\CodeIgniter.php(941): App\Controllers\Productos->insertar()
 7 SYSTEMPATH\CodeIgniter.php(502): CodeIgniter\CodeIgniter->runController(Object(App\Controllers\Productos))
 8 SYSTEMPATH\CodeIgniter.php(361): CodeIgniter\CodeIgniter->handleRequest(null, Object(Config\Cache), false)
 9 FCPATH\index.php(79): CodeIgniter\CodeIgniter->run()
WARNING - 2024-01-30 15:29:38 --> [DEPRECATED] Creation of dynamic property App\Controllers\Productos::$unidades is deprecated in APPPATH\Controllers\Productos.php on line 14.
 1 SYSTEMPATH\CodeIgniter.php(913): App\Controllers\Productos->__construct()
 2 SYSTEMPATH\CodeIgniter.php(493): CodeIgniter\CodeIgniter->createController()
 3 SYSTEMPATH\CodeIgniter.php(361): CodeIgniter\CodeIgniter->handleRequest(null, Object(Config\Cache), false)
 4 FCPATH\index.php(79): CodeIgniter\CodeIgniter->run()
WARNING - 2024-01-30 15:29:38 --> [DEPRECATED] Creation of dynamic property App\Controllers\Productos::$categorias is deprecated in APPPATH\Controllers\Productos.php on line 15.
 1 SYSTEMPATH\CodeIgniter.php(913): App\Controllers\Productos->__construct()
 2 SYSTEMPATH\CodeIgniter.php(493): CodeIgniter\CodeIgniter->createController()
 3 SYSTEMPATH\CodeIgniter.php(361): CodeIgniter\CodeIgniter->handleRequest(null, Object(Config\Cache), false)
 4 FCPATH\index.php(79): CodeIgniter\CodeIgniter->run()
WARNING - 2024-01-30 15:29:56 --> [DEPRECATED] Creation of dynamic property App\Controllers\Productos::$unidades is deprecated in APPPATH\Controllers\Productos.php on line 14.
 1 SYSTEMPATH\CodeIgniter.php(913): App\Controllers\Productos->__construct()
 2 SYSTEMPATH\CodeIgniter.php(493): CodeIgniter\CodeIgniter->createController()
 3 SYSTEMPATH\CodeIgniter.php(361): CodeIgniter\CodeIgniter->handleRequest(null, Object(Config\Cache), false)
 4 FCPATH\index.php(79): CodeIgniter\CodeIgniter->run()
WARNING - 2024-01-30 15:29:56 --> [DEPRECATED] Creation of dynamic property App\Controllers\Productos::$categorias is deprecated in APPPATH\Controllers\Productos.php on line 15.
 1 SYSTEMPATH\CodeIgniter.php(913): App\Controllers\Productos->__construct()
 2 SYSTEMPATH\CodeIgniter.php(493): CodeIgniter\CodeIgniter->createController()
 3 SYSTEMPATH\CodeIgniter.php(361): CodeIgniter\CodeIgniter->handleRequest(null, Object(Config\Cache), false)
 4 FCPATH\index.php(79): CodeIgniter\CodeIgniter->run()
WARNING - 2024-01-30 15:30:06 --> [DEPRECATED] Creation of dynamic property App\Controllers\Productos::$unidades is deprecated in APPPATH\Controllers\Productos.php on line 14.
 1 SYSTEMPATH\CodeIgniter.php(913): App\Controllers\Productos->__construct()
 2 SYSTEMPATH\CodeIgniter.php(493): CodeIgniter\CodeIgniter->createController()
 3 SYSTEMPATH\CodeIgniter.php(361): CodeIgniter\CodeIgniter->handleRequest(null, Object(Config\Cache), false)
 4 FCPATH\index.php(79): CodeIgniter\CodeIgniter->run()
WARNING - 2024-01-30 15:30:06 --> [DEPRECATED] Creation of dynamic property App\Controllers\Productos::$categorias is deprecated in APPPATH\Controllers\Productos.php on line 15.
 1 SYSTEMPATH\CodeIgniter.php(913): App\Controllers\Productos->__construct()
 2 SYSTEMPATH\CodeIgniter.php(493): CodeIgniter\CodeIgniter->createController()
 3 SYSTEMPATH\CodeIgniter.php(361): CodeIgniter\CodeIgniter->handleRequest(null, Object(Config\Cache), false)
 4 FCPATH\index.php(79): CodeIgniter\CodeIgniter->run()
CRITICAL - 2024-01-30 15:30:06 --> ErrorException: Undefined variable $unidades
in APPPATH\Views\productos\nuevo.php on line 26.
 1 APPPATH\Views\productos\nuevo.php(26): CodeIgniter\Debug\Exceptions->errorHandler(2, 'Undefined variable $unidades', 'C:\\xampp\\htdocs\\pos-php\\app\\Views\\productos\\nuevo.php', 26)
 2 SYSTEMPATH\View\View.php(228): include('C:\\xampp\\htdocs\\pos-php\\app\\Views\\productos\\nuevo.php')
 3 SYSTEMPATH\View\View.php(231): CodeIgniter\View\View->CodeIgniter\View\{closure}()
 4 SYSTEMPATH\Common.php(1178): CodeIgniter\View\View->render('productos/nuevo', [], true)
 5 APPPATH\Controllers\Productos.php(66): view('productos/nuevo', [...])
 6 SYSTEMPATH\CodeIgniter.php(941): App\Controllers\Productos->insertar()
 7 SYSTEMPATH\CodeIgniter.php(502): CodeIgniter\CodeIgniter->runController(Object(App\Controllers\Productos))
 8 SYSTEMPATH\CodeIgniter.php(361): CodeIgniter\CodeIgniter->handleRequest(null, Object(Config\Cache), false)
 9 FCPATH\index.php(79): CodeIgniter\CodeIgniter->run()
WARNING - 2024-01-30 16:11:36 --> [DEPRECATED] Creation of dynamic property App\Controllers\Productos::$unidades is deprecated in APPPATH\Controllers\Productos.php on line 14.
 1 SYSTEMPATH\CodeIgniter.php(913): App\Controllers\Productos->__construct()
 2 SYSTEMPATH\CodeIgniter.php(493): CodeIgniter\CodeIgniter->createController()
 3 SYSTEMPATH\CodeIgniter.php(361): CodeIgniter\CodeIgniter->handleRequest(null, Object(Config\Cache), false)
 4 FCPATH\index.php(79): CodeIgniter\CodeIgniter->run()
WARNING - 2024-01-30 16:11:36 --> [DEPRECATED] Creation of dynamic property App\Controllers\Productos::$categorias is deprecated in APPPATH\Controllers\Productos.php on line 15.
 1 SYSTEMPATH\CodeIgniter.php(913): App\Controllers\Productos->__construct()
 2 SYSTEMPATH\CodeIgniter.php(493): CodeIgniter\CodeIgniter->createController()
 3 SYSTEMPATH\CodeIgniter.php(361): CodeIgniter\CodeIgniter->handleRequest(null, Object(Config\Cache), false)
 4 FCPATH\index.php(79): CodeIgniter\CodeIgniter->run()
WARNING - 2024-01-30 16:11:37 --> [DEPRECATED] Creation of dynamic property App\Controllers\Productos::$unidades is deprecated in APPPATH\Controllers\Productos.php on line 14.
 1 SYSTEMPATH\CodeIgniter.php(913): App\Controllers\Productos->__construct()
 2 SYSTEMPATH\CodeIgniter.php(493): CodeIgniter\CodeIgniter->createController()
 3 SYSTEMPATH\CodeIgniter.php(361): CodeIgniter\CodeIgniter->handleRequest(null, Object(Config\Cache), false)
 4 FCPATH\index.php(79): CodeIgniter\CodeIgniter->run()
WARNING - 2024-01-30 16:11:37 --> [DEPRECATED] Creation of dynamic property App\Controllers\Productos::$categorias is deprecated in APPPATH\Controllers\Productos.php on line 15.
 1 SYSTEMPATH\CodeIgniter.php(913): App\Controllers\Productos->__construct()
 2 SYSTEMPATH\CodeIgniter.php(493): CodeIgniter\CodeIgniter->createController()
 3 SYSTEMPATH\CodeIgniter.php(361): CodeIgniter\CodeIgniter->handleRequest(null, Object(Config\Cache), false)
 4 FCPATH\index.php(79): CodeIgniter\CodeIgniter->run()
WARNING - 2024-01-30 16:11:54 --> [DEPRECATED] Creation of dynamic property App\Controllers\Productos::$unidades is deprecated in APPPATH\Controllers\Productos.php on line 14.
 1 SYSTEMPATH\CodeIgniter.php(913): App\Controllers\Productos->__construct()
 2 SYSTEMPATH\CodeIgniter.php(493): CodeIgniter\CodeIgniter->createController()
 3 SYSTEMPATH\CodeIgniter.php(361): CodeIgniter\CodeIgniter->handleRequest(null, Object(Config\Cache), false)
 4 FCPATH\index.php(79): CodeIgniter\CodeIgniter->run()
WARNING - 2024-01-30 16:11:54 --> [DEPRECATED] Creation of dynamic property App\Controllers\Productos::$categorias is deprecated in APPPATH\Controllers\Productos.php on line 15.
 1 SYSTEMPATH\CodeIgniter.php(913): App\Controllers\Productos->__construct()
 2 SYSTEMPATH\CodeIgniter.php(493): CodeIgniter\CodeIgniter->createController()
 3 SYSTEMPATH\CodeIgniter.php(361): CodeIgniter\CodeIgniter->handleRequest(null, Object(Config\Cache), false)
 4 FCPATH\index.php(79): CodeIgniter\CodeIgniter->run()
CRITICAL - 2024-01-30 16:11:54 --> ErrorException: Undefined variable $unidades
in APPPATH\Views\productos\nuevo.php on line 26.
 1 APPPATH\Views\productos\nuevo.php(26): CodeIgniter\Debug\Exceptions->errorHandler(2, 'Undefined variable $unidades', 'C:\\xampp\\htdocs\\pos-php\\app\\Views\\productos\\nuevo.php', 26)
 2 SYSTEMPATH\View\View.php(228): include('C:\\xampp\\htdocs\\pos-php\\app\\Views\\productos\\nuevo.php')
 3 SYSTEMPATH\View\View.php(231): CodeIgniter\View\View->CodeIgniter\View\{closure}()
 4 SYSTEMPATH\Common.php(1178): CodeIgniter\View\View->render('productos/nuevo', [], true)
 5 APPPATH\Controllers\Productos.php(64): view('productos/nuevo', [...])
 6 SYSTEMPATH\CodeIgniter.php(941): App\Controllers\Productos->insertar()
 7 SYSTEMPATH\CodeIgniter.php(502): CodeIgniter\CodeIgniter->runController(Object(App\Controllers\Productos))
 8 SYSTEMPATH\CodeIgniter.php(361): CodeIgniter\CodeIgniter->handleRequest(null, Object(Config\Cache), false)
 9 FCPATH\index.php(79): CodeIgniter\CodeIgniter->run()
WARNING - 2024-01-30 16:13:49 --> [DEPRECATED] Creation of dynamic property App\Controllers\Productos::$unidades is deprecated in APPPATH\Controllers\Productos.php on line 14.
 1 SYSTEMPATH\CodeIgniter.php(913): App\Controllers\Productos->__construct()
 2 SYSTEMPATH\CodeIgniter.php(493): CodeIgniter\CodeIgniter->createController()
 3 SYSTEMPATH\CodeIgniter.php(361): CodeIgniter\CodeIgniter->handleRequest(null, Object(Config\Cache), false)
 4 FCPATH\index.php(79): CodeIgniter\CodeIgniter->run()
WARNING - 2024-01-30 16:13:49 --> [DEPRECATED] Creation of dynamic property App\Controllers\Productos::$categorias is deprecated in APPPATH\Controllers\Productos.php on line 15.
 1 SYSTEMPATH\CodeIgniter.php(913): App\Controllers\Productos->__construct()
 2 SYSTEMPATH\CodeIgniter.php(493): CodeIgniter\CodeIgniter->createController()
 3 SYSTEMPATH\CodeIgniter.php(361): CodeIgniter\CodeIgniter->handleRequest(null, Object(Config\Cache), false)
 4 FCPATH\index.php(79): CodeIgniter\CodeIgniter->run()
WARNING - 2024-01-30 16:17:05 --> [DEPRECATED] Creation of dynamic property App\Controllers\Productos::$unidades is deprecated in APPPATH\Controllers\Productos.php on line 14.
 1 SYSTEMPATH\CodeIgniter.php(913): App\Controllers\Productos->__construct()
 2 SYSTEMPATH\CodeIgniter.php(493): CodeIgniter\CodeIgniter->createController()
 3 SYSTEMPATH\CodeIgniter.php(361): CodeIgniter\CodeIgniter->handleRequest(null, Object(Config\Cache), false)
 4 FCPATH\index.php(79): CodeIgniter\CodeIgniter->run()
WARNING - 2024-01-30 16:17:05 --> [DEPRECATED] Creation of dynamic property App\Controllers\Productos::$categorias is deprecated in APPPATH\Controllers\Productos.php on line 15.
 1 SYSTEMPATH\CodeIgniter.php(913): App\Controllers\Productos->__construct()
 2 SYSTEMPATH\CodeIgniter.php(493): CodeIgniter\CodeIgniter->createController()
 3 SYSTEMPATH\CodeIgniter.php(361): CodeIgniter\CodeIgniter->handleRequest(null, Object(Config\Cache), false)
 4 FCPATH\index.php(79): CodeIgniter\CodeIgniter->run()
WARNING - 2024-01-30 16:17:06 --> [DEPRECATED] Creation of dynamic property App\Controllers\Productos::$unidades is deprecated in APPPATH\Controllers\Productos.php on line 14.
 1 SYSTEMPATH\CodeIgniter.php(913): App\Controllers\Productos->__construct()
 2 SYSTEMPATH\CodeIgniter.php(493): CodeIgniter\CodeIgniter->createController()
 3 SYSTEMPATH\CodeIgniter.php(361): CodeIgniter\CodeIgniter->handleRequest(null, Object(Config\Cache), false)
 4 FCPATH\index.php(79): CodeIgniter\CodeIgniter->run()
WARNING - 2024-01-30 16:17:06 --> [DEPRECATED] Creation of dynamic property App\Controllers\Productos::$categorias is deprecated in APPPATH\Controllers\Productos.php on line 15.
 1 SYSTEMPATH\CodeIgniter.php(913): App\Controllers\Productos->__construct()
 2 SYSTEMPATH\CodeIgniter.php(493): CodeIgniter\CodeIgniter->createController()
 3 SYSTEMPATH\CodeIgniter.php(361): CodeIgniter\CodeIgniter->handleRequest(null, Object(Config\Cache), false)
 4 FCPATH\index.php(79): CodeIgniter\CodeIgniter->run()
WARNING - 2024-01-30 16:17:08 --> [DEPRECATED] Creation of dynamic property App\Controllers\Productos::$unidades is deprecated in APPPATH\Controllers\Productos.php on line 14.
 1 SYSTEMPATH\CodeIgniter.php(913): App\Controllers\Productos->__construct()
 2 SYSTEMPATH\CodeIgniter.php(493): CodeIgniter\CodeIgniter->createController()
 3 SYSTEMPATH\CodeIgniter.php(361): CodeIgniter\CodeIgniter->handleRequest(null, Object(Config\Cache), false)
 4 FCPATH\index.php(79): CodeIgniter\CodeIgniter->run()
WARNING - 2024-01-30 16:17:08 --> [DEPRECATED] Creation of dynamic property App\Controllers\Productos::$categorias is deprecated in APPPATH\Controllers\Productos.php on line 15.
 1 SYSTEMPATH\CodeIgniter.php(913): App\Controllers\Productos->__construct()
 2 SYSTEMPATH\CodeIgniter.php(493): CodeIgniter\CodeIgniter->createController()
 3 SYSTEMPATH\CodeIgniter.php(361): CodeIgniter\CodeIgniter->handleRequest(null, Object(Config\Cache), false)
 4 FCPATH\index.php(79): CodeIgniter\CodeIgniter->run()
CRITICAL - 2024-01-30 16:17:08 --> ErrorException: Undefined variable $unidades
in APPPATH\Views\productos\nuevo.php on line 26.
 1 APPPATH\Views\productos\nuevo.php(26): CodeIgniter\Debug\Exceptions->errorHandler(2, 'Undefined variable $unidades', 'C:\\xampp\\htdocs\\pos-php\\app\\Views\\productos\\nuevo.php', 26)
 2 SYSTEMPATH\View\View.php(228): include('C:\\xampp\\htdocs\\pos-php\\app\\Views\\productos\\nuevo.php')
 3 SYSTEMPATH\View\View.php(231): CodeIgniter\View\View->CodeIgniter\View\{closure}()
 4 SYSTEMPATH\Common.php(1178): CodeIgniter\View\View->render('productos/nuevo', [], true)
 5 APPPATH\Controllers\Productos.php(48): view('productos/nuevo', [...])
 6 SYSTEMPATH\CodeIgniter.php(941): App\Controllers\Productos->nuevo()
 7 SYSTEMPATH\CodeIgniter.php(502): CodeIgniter\CodeIgniter->runController(Object(App\Controllers\Productos))
 8 SYSTEMPATH\CodeIgniter.php(361): CodeIgniter\CodeIgniter->handleRequest(null, Object(Config\Cache), false)
 9 FCPATH\index.php(79): CodeIgniter\CodeIgniter->run()
WARNING - 2024-01-30 16:17:39 --> [DEPRECATED] Creation of dynamic property App\Controllers\Productos::$unidades is deprecated in APPPATH\Controllers\Productos.php on line 14.
 1 SYSTEMPATH\CodeIgniter.php(913): App\Controllers\Productos->__construct()
 2 SYSTEMPATH\CodeIgniter.php(493): CodeIgniter\CodeIgniter->createController()
 3 SYSTEMPATH\CodeIgniter.php(361): CodeIgniter\CodeIgniter->handleRequest(null, Object(Config\Cache), false)
 4 FCPATH\index.php(79): CodeIgniter\CodeIgniter->run()
WARNING - 2024-01-30 16:17:39 --> [DEPRECATED] Creation of dynamic property App\Controllers\Productos::$categorias is deprecated in APPPATH\Controllers\Productos.php on line 15.
 1 SYSTEMPATH\CodeIgniter.php(913): App\Controllers\Productos->__construct()
 2 SYSTEMPATH\CodeIgniter.php(493): CodeIgniter\CodeIgniter->createController()
 3 SYSTEMPATH\CodeIgniter.php(361): CodeIgniter\CodeIgniter->handleRequest(null, Object(Config\Cache), false)
 4 FCPATH\index.php(79): CodeIgniter\CodeIgniter->run()
WARNING - 2024-01-30 16:17:40 --> [DEPRECATED] Creation of dynamic property App\Controllers\Productos::$unidades is deprecated in APPPATH\Controllers\Productos.php on line 14.
 1 SYSTEMPATH\CodeIgniter.php(913): App\Controllers\Productos->__construct()
 2 SYSTEMPATH\CodeIgniter.php(493): CodeIgniter\CodeIgniter->createController()
 3 SYSTEMPATH\CodeIgniter.php(361): CodeIgniter\CodeIgniter->handleRequest(null, Object(Config\Cache), false)
 4 FCPATH\index.php(79): CodeIgniter\CodeIgniter->run()
WARNING - 2024-01-30 16:17:40 --> [DEPRECATED] Creation of dynamic property App\Controllers\Productos::$categorias is deprecated in APPPATH\Controllers\Productos.php on line 15.
 1 SYSTEMPATH\CodeIgniter.php(913): App\Controllers\Productos->__construct()
 2 SYSTEMPATH\CodeIgniter.php(493): CodeIgniter\CodeIgniter->createController()
 3 SYSTEMPATH\CodeIgniter.php(361): CodeIgniter\CodeIgniter->handleRequest(null, Object(Config\Cache), false)
 4 FCPATH\index.php(79): CodeIgniter\CodeIgniter->run()
WARNING - 2024-01-30 16:17:43 --> [DEPRECATED] Creation of dynamic property App\Controllers\Productos::$unidades is deprecated in APPPATH\Controllers\Productos.php on line 14.
 1 SYSTEMPATH\CodeIgniter.php(913): App\Controllers\Productos->__construct()
 2 SYSTEMPATH\CodeIgniter.php(493): CodeIgniter\CodeIgniter->createController()
 3 SYSTEMPATH\CodeIgniter.php(361): CodeIgniter\CodeIgniter->handleRequest(null, Object(Config\Cache), false)
 4 FCPATH\index.php(79): CodeIgniter\CodeIgniter->run()
WARNING - 2024-01-30 16:17:43 --> [DEPRECATED] Creation of dynamic property App\Controllers\Productos::$categorias is deprecated in APPPATH\Controllers\Productos.php on line 15.
 1 SYSTEMPATH\CodeIgniter.php(913): App\Controllers\Productos->__construct()
 2 SYSTEMPATH\CodeIgniter.php(493): CodeIgniter\CodeIgniter->createController()
 3 SYSTEMPATH\CodeIgniter.php(361): CodeIgniter\CodeIgniter->handleRequest(null, Object(Config\Cache), false)
 4 FCPATH\index.php(79): CodeIgniter\CodeIgniter->run()
CRITICAL - 2024-01-30 16:17:43 --> ErrorException: Undefined variable $unidades
in APPPATH\Views\productos\nuevo.php on line 26.
 1 APPPATH\Views\productos\nuevo.php(26): CodeIgniter\Debug\Exceptions->errorHandler(2, 'Undefined variable $unidades', 'C:\\xampp\\htdocs\\pos-php\\app\\Views\\productos\\nuevo.php', 26)
 2 SYSTEMPATH\View\View.php(228): include('C:\\xampp\\htdocs\\pos-php\\app\\Views\\productos\\nuevo.php')
 3 SYSTEMPATH\View\View.php(231): CodeIgniter\View\View->CodeIgniter\View\{closure}()
 4 SYSTEMPATH\Common.php(1178): CodeIgniter\View\View->render('productos/nuevo', [], true)
 5 APPPATH\Controllers\Productos.php(48): view('productos/nuevo', [...])
 6 SYSTEMPATH\CodeIgniter.php(941): App\Controllers\Productos->nuevo()
 7 SYSTEMPATH\CodeIgniter.php(502): CodeIgniter\CodeIgniter->runController(Object(App\Controllers\Productos))
 8 SYSTEMPATH\CodeIgniter.php(361): CodeIgniter\CodeIgniter->handleRequest(null, Object(Config\Cache), false)
 9 FCPATH\index.php(79): CodeIgniter\CodeIgniter->run()
WARNING - 2024-01-30 16:17:52 --> [DEPRECATED] Creation of dynamic property App\Controllers\Productos::$unidades is deprecated in APPPATH\Controllers\Productos.php on line 14.
 1 SYSTEMPATH\CodeIgniter.php(913): App\Controllers\Productos->__construct()
 2 SYSTEMPATH\CodeIgniter.php(493): CodeIgniter\CodeIgniter->createController()
 3 SYSTEMPATH\CodeIgniter.php(361): CodeIgniter\CodeIgniter->handleRequest(null, Object(Config\Cache), false)
 4 FCPATH\index.php(79): CodeIgniter\CodeIgniter->run()
WARNING - 2024-01-30 16:17:52 --> [DEPRECATED] Creation of dynamic property App\Controllers\Productos::$categorias is deprecated in APPPATH\Controllers\Productos.php on line 15.
 1 SYSTEMPATH\CodeIgniter.php(913): App\Controllers\Productos->__construct()
 2 SYSTEMPATH\CodeIgniter.php(493): CodeIgniter\CodeIgniter->createController()
 3 SYSTEMPATH\CodeIgniter.php(361): CodeIgniter\CodeIgniter->handleRequest(null, Object(Config\Cache), false)
 4 FCPATH\index.php(79): CodeIgniter\CodeIgniter->run()
WARNING - 2024-01-30 16:17:53 --> [DEPRECATED] Creation of dynamic property App\Controllers\Productos::$unidades is deprecated in APPPATH\Controllers\Productos.php on line 14.
 1 SYSTEMPATH\CodeIgniter.php(913): App\Controllers\Productos->__construct()
 2 SYSTEMPATH\CodeIgniter.php(493): CodeIgniter\CodeIgniter->createController()
 3 SYSTEMPATH\CodeIgniter.php(361): CodeIgniter\CodeIgniter->handleRequest(null, Object(Config\Cache), false)
 4 FCPATH\index.php(79): CodeIgniter\CodeIgniter->run()
WARNING - 2024-01-30 16:17:53 --> [DEPRECATED] Creation of dynamic property App\Controllers\Productos::$categorias is deprecated in APPPATH\Controllers\Productos.php on line 15.
 1 SYSTEMPATH\CodeIgniter.php(913): App\Controllers\Productos->__construct()
 2 SYSTEMPATH\CodeIgniter.php(493): CodeIgniter\CodeIgniter->createController()
 3 SYSTEMPATH\CodeIgniter.php(361): CodeIgniter\CodeIgniter->handleRequest(null, Object(Config\Cache), false)
 4 FCPATH\index.php(79): CodeIgniter\CodeIgniter->run()
WARNING - 2024-01-30 16:17:54 --> [DEPRECATED] Creation of dynamic property App\Controllers\Productos::$unidades is deprecated in APPPATH\Controllers\Productos.php on line 14.
 1 SYSTEMPATH\CodeIgniter.php(913): App\Controllers\Productos->__construct()
 2 SYSTEMPATH\CodeIgniter.php(493): CodeIgniter\CodeIgniter->createController()
 3 SYSTEMPATH\CodeIgniter.php(361): CodeIgniter\CodeIgniter->handleRequest(null, Object(Config\Cache), false)
 4 FCPATH\index.php(79): CodeIgniter\CodeIgniter->run()
WARNING - 2024-01-30 16:17:54 --> [DEPRECATED] Creation of dynamic property App\Controllers\Productos::$categorias is deprecated in APPPATH\Controllers\Productos.php on line 15.
 1 SYSTEMPATH\CodeIgniter.php(913): App\Controllers\Productos->__construct()
 2 SYSTEMPATH\CodeIgniter.php(493): CodeIgniter\CodeIgniter->createController()
 3 SYSTEMPATH\CodeIgniter.php(361): CodeIgniter\CodeIgniter->handleRequest(null, Object(Config\Cache), false)
 4 FCPATH\index.php(79): CodeIgniter\CodeIgniter->run()
WARNING - 2024-01-30 16:18:17 --> [DEPRECATED] Creation of dynamic property App\Controllers\Productos::$unidades is deprecated in APPPATH\Controllers\Productos.php on line 14.
 1 SYSTEMPATH\CodeIgniter.php(913): App\Controllers\Productos->__construct()
 2 SYSTEMPATH\CodeIgniter.php(493): CodeIgniter\CodeIgniter->createController()
 3 SYSTEMPATH\CodeIgniter.php(361): CodeIgniter\CodeIgniter->handleRequest(null, Object(Config\Cache), false)
 4 FCPATH\index.php(79): CodeIgniter\CodeIgniter->run()
WARNING - 2024-01-30 16:18:17 --> [DEPRECATED] Creation of dynamic property App\Controllers\Productos::$categorias is deprecated in APPPATH\Controllers\Productos.php on line 15.
 1 SYSTEMPATH\CodeIgniter.php(913): App\Controllers\Productos->__construct()
 2 SYSTEMPATH\CodeIgniter.php(493): CodeIgniter\CodeIgniter->createController()
 3 SYSTEMPATH\CodeIgniter.php(361): CodeIgniter\CodeIgniter->handleRequest(null, Object(Config\Cache), false)
 4 FCPATH\index.php(79): CodeIgniter\CodeIgniter->run()
CRITICAL - 2024-01-30 16:18:17 --> ErrorException: Undefined variable $unidades
in APPPATH\Views\productos\nuevo.php on line 26.
 1 APPPATH\Views\productos\nuevo.php(26): CodeIgniter\Debug\Exceptions->errorHandler(2, 'Undefined variable $unidades', 'C:\\xampp\\htdocs\\pos-php\\app\\Views\\productos\\nuevo.php', 26)
 2 SYSTEMPATH\View\View.php(228): include('C:\\xampp\\htdocs\\pos-php\\app\\Views\\productos\\nuevo.php')
 3 SYSTEMPATH\View\View.php(231): CodeIgniter\View\View->CodeIgniter\View\{closure}()
 4 SYSTEMPATH\Common.php(1178): CodeIgniter\View\View->render('productos/nuevo', [], true)
 5 APPPATH\Controllers\Productos.php(64): view('productos/nuevo', [...])
 6 SYSTEMPATH\CodeIgniter.php(941): App\Controllers\Productos->insertar()
 7 SYSTEMPATH\CodeIgniter.php(502): CodeIgniter\CodeIgniter->runController(Object(App\Controllers\Productos))
 8 SYSTEMPATH\CodeIgniter.php(361): CodeIgniter\CodeIgniter->handleRequest(null, Object(Config\Cache), false)
 9 FCPATH\index.php(79): CodeIgniter\CodeIgniter->run()
WARNING - 2024-01-30 16:18:42 --> [DEPRECATED] Creation of dynamic property App\Controllers\Productos::$unidades is deprecated in APPPATH\Controllers\Productos.php on line 14.
 1 SYSTEMPATH\CodeIgniter.php(913): App\Controllers\Productos->__construct()
 2 SYSTEMPATH\CodeIgniter.php(493): CodeIgniter\CodeIgniter->createController()
 3 SYSTEMPATH\CodeIgniter.php(361): CodeIgniter\CodeIgniter->handleRequest(null, Object(Config\Cache), false)
 4 FCPATH\index.php(79): CodeIgniter\CodeIgniter->run()
WARNING - 2024-01-30 16:18:42 --> [DEPRECATED] Creation of dynamic property App\Controllers\Productos::$categorias is deprecated in APPPATH\Controllers\Productos.php on line 15.
 1 SYSTEMPATH\CodeIgniter.php(913): App\Controllers\Productos->__construct()
 2 SYSTEMPATH\CodeIgniter.php(493): CodeIgniter\CodeIgniter->createController()
 3 SYSTEMPATH\CodeIgniter.php(361): CodeIgniter\CodeIgniter->handleRequest(null, Object(Config\Cache), false)
 4 FCPATH\index.php(79): CodeIgniter\CodeIgniter->run()
WARNING - 2024-01-30 16:18:44 --> [DEPRECATED] Creation of dynamic property App\Controllers\Productos::$unidades is deprecated in APPPATH\Controllers\Productos.php on line 14.
 1 SYSTEMPATH\CodeIgniter.php(913): App\Controllers\Productos->__construct()
 2 SYSTEMPATH\CodeIgniter.php(493): CodeIgniter\CodeIgniter->createController()
 3 SYSTEMPATH\CodeIgniter.php(361): CodeIgniter\CodeIgniter->handleRequest(null, Object(Config\Cache), false)
 4 FCPATH\index.php(79): CodeIgniter\CodeIgniter->run()
WARNING - 2024-01-30 16:18:44 --> [DEPRECATED] Creation of dynamic property App\Controllers\Productos::$categorias is deprecated in APPPATH\Controllers\Productos.php on line 15.
 1 SYSTEMPATH\CodeIgniter.php(913): App\Controllers\Productos->__construct()
 2 SYSTEMPATH\CodeIgniter.php(493): CodeIgniter\CodeIgniter->createController()
 3 SYSTEMPATH\CodeIgniter.php(361): CodeIgniter\CodeIgniter->handleRequest(null, Object(Config\Cache), false)
 4 FCPATH\index.php(79): CodeIgniter\CodeIgniter->run()
WARNING - 2024-01-30 16:18:47 --> [DEPRECATED] Creation of dynamic property App\Controllers\Productos::$unidades is deprecated in APPPATH\Controllers\Productos.php on line 14.
 1 SYSTEMPATH\CodeIgniter.php(913): App\Controllers\Productos->__construct()
 2 SYSTEMPATH\CodeIgniter.php(493): CodeIgniter\CodeIgniter->createController()
 3 SYSTEMPATH\CodeIgniter.php(361): CodeIgniter\CodeIgniter->handleRequest(null, Object(Config\Cache), false)
 4 FCPATH\index.php(79): CodeIgniter\CodeIgniter->run()
WARNING - 2024-01-30 16:18:47 --> [DEPRECATED] Creation of dynamic property App\Controllers\Productos::$categorias is deprecated in APPPATH\Controllers\Productos.php on line 15.
 1 SYSTEMPATH\CodeIgniter.php(913): App\Controllers\Productos->__construct()
 2 SYSTEMPATH\CodeIgniter.php(493): CodeIgniter\CodeIgniter->createController()
 3 SYSTEMPATH\CodeIgniter.php(361): CodeIgniter\CodeIgniter->handleRequest(null, Object(Config\Cache), false)
 4 FCPATH\index.php(79): CodeIgniter\CodeIgniter->run()
WARNING - 2024-01-30 16:18:51 --> [DEPRECATED] Creation of dynamic property App\Controllers\Productos::$unidades is deprecated in APPPATH\Controllers\Productos.php on line 14.
 1 SYSTEMPATH\CodeIgniter.php(913): App\Controllers\Productos->__construct()
 2 SYSTEMPATH\CodeIgniter.php(493): CodeIgniter\CodeIgniter->createController()
 3 SYSTEMPATH\CodeIgniter.php(361): CodeIgniter\CodeIgniter->handleRequest(null, Object(Config\Cache), false)
 4 FCPATH\index.php(79): CodeIgniter\CodeIgniter->run()
WARNING - 2024-01-30 16:18:51 --> [DEPRECATED] Creation of dynamic property App\Controllers\Productos::$categorias is deprecated in APPPATH\Controllers\Productos.php on line 15.
 1 SYSTEMPATH\CodeIgniter.php(913): App\Controllers\Productos->__construct()
 2 SYSTEMPATH\CodeIgniter.php(493): CodeIgniter\CodeIgniter->createController()
 3 SYSTEMPATH\CodeIgniter.php(361): CodeIgniter\CodeIgniter->handleRequest(null, Object(Config\Cache), false)
 4 FCPATH\index.php(79): CodeIgniter\CodeIgniter->run()
WARNING - 2024-01-30 16:22:37 --> [DEPRECATED] Creation of dynamic property App\Controllers\Productos::$unidades is deprecated in APPPATH\Controllers\Productos.php on line 14.
 1 SYSTEMPATH\CodeIgniter.php(913): App\Controllers\Productos->__construct()
 2 SYSTEMPATH\CodeIgniter.php(493): CodeIgniter\CodeIgniter->createController()
 3 SYSTEMPATH\CodeIgniter.php(361): CodeIgniter\CodeIgniter->handleRequest(null, Object(Config\Cache), false)
 4 FCPATH\index.php(79): CodeIgniter\CodeIgniter->run()
WARNING - 2024-01-30 16:22:37 --> [DEPRECATED] Creation of dynamic property App\Controllers\Productos::$categorias is deprecated in APPPATH\Controllers\Productos.php on line 15.
 1 SYSTEMPATH\CodeIgniter.php(913): App\Controllers\Productos->__construct()
 2 SYSTEMPATH\CodeIgniter.php(493): CodeIgniter\CodeIgniter->createController()
 3 SYSTEMPATH\CodeIgniter.php(361): CodeIgniter\CodeIgniter->handleRequest(null, Object(Config\Cache), false)
 4 FCPATH\index.php(79): CodeIgniter\CodeIgniter->run()
WARNING - 2024-01-30 16:22:40 --> [DEPRECATED] Creation of dynamic property App\Controllers\Productos::$unidades is deprecated in APPPATH\Controllers\Productos.php on line 14.
 1 SYSTEMPATH\CodeIgniter.php(913): App\Controllers\Productos->__construct()
 2 SYSTEMPATH\CodeIgniter.php(493): CodeIgniter\CodeIgniter->createController()
 3 SYSTEMPATH\CodeIgniter.php(361): CodeIgniter\CodeIgniter->handleRequest(null, Object(Config\Cache), false)
 4 FCPATH\index.php(79): CodeIgniter\CodeIgniter->run()
WARNING - 2024-01-30 16:22:40 --> [DEPRECATED] Creation of dynamic property App\Controllers\Productos::$categorias is deprecated in APPPATH\Controllers\Productos.php on line 15.
 1 SYSTEMPATH\CodeIgniter.php(913): App\Controllers\Productos->__construct()
 2 SYSTEMPATH\CodeIgniter.php(493): CodeIgniter\CodeIgniter->createController()
 3 SYSTEMPATH\CodeIgniter.php(361): CodeIgniter\CodeIgniter->handleRequest(null, Object(Config\Cache), false)
 4 FCPATH\index.php(79): CodeIgniter\CodeIgniter->run()
WARNING - 2024-01-30 16:22:42 --> [DEPRECATED] Creation of dynamic property App\Controllers\Productos::$unidades is deprecated in APPPATH\Controllers\Productos.php on line 14.
 1 SYSTEMPATH\CodeIgniter.php(913): App\Controllers\Productos->__construct()
 2 SYSTEMPATH\CodeIgniter.php(493): CodeIgniter\CodeIgniter->createController()
 3 SYSTEMPATH\CodeIgniter.php(361): CodeIgniter\CodeIgniter->handleRequest(null, Object(Config\Cache), false)
 4 FCPATH\index.php(79): CodeIgniter\CodeIgniter->run()
WARNING - 2024-01-30 16:22:42 --> [DEPRECATED] Creation of dynamic property App\Controllers\Productos::$categorias is deprecated in APPPATH\Controllers\Productos.php on line 15.
 1 SYSTEMPATH\CodeIgniter.php(913): App\Controllers\Productos->__construct()
 2 SYSTEMPATH\CodeIgniter.php(493): CodeIgniter\CodeIgniter->createController()
 3 SYSTEMPATH\CodeIgniter.php(361): CodeIgniter\CodeIgniter->handleRequest(null, Object(Config\Cache), false)
 4 FCPATH\index.php(79): CodeIgniter\CodeIgniter->run()
WARNING - 2024-01-30 16:22:45 --> [DEPRECATED] Creation of dynamic property App\Controllers\Productos::$unidades is deprecated in APPPATH\Controllers\Productos.php on line 14.
 1 SYSTEMPATH\CodeIgniter.php(913): App\Controllers\Productos->__construct()
 2 SYSTEMPATH\CodeIgniter.php(493): CodeIgniter\CodeIgniter->createController()
 3 SYSTEMPATH\CodeIgniter.php(361): CodeIgniter\CodeIgniter->handleRequest(null, Object(Config\Cache), false)
 4 FCPATH\index.php(79): CodeIgniter\CodeIgniter->run()
WARNING - 2024-01-30 16:22:45 --> [DEPRECATED] Creation of dynamic property App\Controllers\Productos::$categorias is deprecated in APPPATH\Controllers\Productos.php on line 15.
 1 SYSTEMPATH\CodeIgniter.php(913): App\Controllers\Productos->__construct()
 2 SYSTEMPATH\CodeIgniter.php(493): CodeIgniter\CodeIgniter->createController()
 3 SYSTEMPATH\CodeIgniter.php(361): CodeIgniter\CodeIgniter->handleRequest(null, Object(Config\Cache), false)
 4 FCPATH\index.php(79): CodeIgniter\CodeIgniter->run()
WARNING - 2024-01-30 18:21:41 --> [DEPRECATED] Creation of dynamic property App\Controllers\Productos::$unidades is deprecated in APPPATH\Controllers\Productos.php on line 14.
 1 SYSTEMPATH\CodeIgniter.php(913): App\Controllers\Productos->__construct()
 2 SYSTEMPATH\CodeIgniter.php(493): CodeIgniter\CodeIgniter->createController()
 3 SYSTEMPATH\CodeIgniter.php(361): CodeIgniter\CodeIgniter->handleRequest(null, Object(Config\Cache), false)
 4 FCPATH\index.php(79): CodeIgniter\CodeIgniter->run()
WARNING - 2024-01-30 18:21:41 --> [DEPRECATED] Creation of dynamic property App\Controllers\Productos::$categorias is deprecated in APPPATH\Controllers\Productos.php on line 15.
 1 SYSTEMPATH\CodeIgniter.php(913): App\Controllers\Productos->__construct()
 2 SYSTEMPATH\CodeIgniter.php(493): CodeIgniter\CodeIgniter->createController()
 3 SYSTEMPATH\CodeIgniter.php(361): CodeIgniter\CodeIgniter->handleRequest(null, Object(Config\Cache), false)
 4 FCPATH\index.php(79): CodeIgniter\CodeIgniter->run()
WARNING - 2024-01-30 18:21:43 --> [DEPRECATED] Creation of dynamic property App\Controllers\Productos::$unidades is deprecated in APPPATH\Controllers\Productos.php on line 14.
 1 SYSTEMPATH\CodeIgniter.php(913): App\Controllers\Productos->__construct()
 2 SYSTEMPATH\CodeIgniter.php(493): CodeIgniter\CodeIgniter->createController()
 3 SYSTEMPATH\CodeIgniter.php(361): CodeIgniter\CodeIgniter->handleRequest(null, Object(Config\Cache), false)
 4 FCPATH\index.php(79): CodeIgniter\CodeIgniter->run()
WARNING - 2024-01-30 18:21:43 --> [DEPRECATED] Creation of dynamic property App\Controllers\Productos::$categorias is deprecated in APPPATH\Controllers\Productos.php on line 15.
 1 SYSTEMPATH\CodeIgniter.php(913): App\Controllers\Productos->__construct()
 2 SYSTEMPATH\CodeIgniter.php(493): CodeIgniter\CodeIgniter->createController()
 3 SYSTEMPATH\CodeIgniter.php(361): CodeIgniter\CodeIgniter->handleRequest(null, Object(Config\Cache), false)
 4 FCPATH\index.php(79): CodeIgniter\CodeIgniter->run()
WARNING - 2024-01-30 18:23:01 --> [DEPRECATED] Creation of dynamic property App\Controllers\Productos::$unidades is deprecated in APPPATH\Controllers\Productos.php on line 14.
 1 SYSTEMPATH\CodeIgniter.php(913): App\Controllers\Productos->__construct()
 2 SYSTEMPATH\CodeIgniter.php(493): CodeIgniter\CodeIgniter->createController()
 3 SYSTEMPATH\CodeIgniter.php(361): CodeIgniter\CodeIgniter->handleRequest(null, Object(Config\Cache), false)
 4 FCPATH\index.php(79): CodeIgniter\CodeIgniter->run()
WARNING - 2024-01-30 18:23:01 --> [DEPRECATED] Creation of dynamic property App\Controllers\Productos::$categorias is deprecated in APPPATH\Controllers\Productos.php on line 15.
 1 SYSTEMPATH\CodeIgniter.php(913): App\Controllers\Productos->__construct()
 2 SYSTEMPATH\CodeIgniter.php(493): CodeIgniter\CodeIgniter->createController()
 3 SYSTEMPATH\CodeIgniter.php(361): CodeIgniter\CodeIgniter->handleRequest(null, Object(Config\Cache), false)
 4 FCPATH\index.php(79): CodeIgniter\CodeIgniter->run()
CRITICAL - 2024-01-30 18:23:01 --> ErrorException: Undefined variable $unidades
in APPPATH\Views\productos\nuevo.php on line 26.
 1 APPPATH\Views\productos\nuevo.php(26): CodeIgniter\Debug\Exceptions->errorHandler(2, 'Undefined variable $unidades', 'C:\\xampp\\htdocs\\pos-php\\app\\Views\\productos\\nuevo.php', 26)
 2 SYSTEMPATH\View\View.php(228): include('C:\\xampp\\htdocs\\pos-php\\app\\Views\\productos\\nuevo.php')
 3 SYSTEMPATH\View\View.php(231): CodeIgniter\View\View->CodeIgniter\View\{closure}()
 4 SYSTEMPATH\Common.php(1178): CodeIgniter\View\View->render('productos/nuevo', [], true)
 5 APPPATH\Controllers\Productos.php(64): view('productos/nuevo', [...])
 6 SYSTEMPATH\CodeIgniter.php(941): App\Controllers\Productos->insertar()
 7 SYSTEMPATH\CodeIgniter.php(502): CodeIgniter\CodeIgniter->runController(Object(App\Controllers\Productos))
 8 SYSTEMPATH\CodeIgniter.php(361): CodeIgniter\CodeIgniter->handleRequest(null, Object(Config\Cache), false)
 9 FCPATH\index.php(79): CodeIgniter\CodeIgniter->run()
WARNING - 2024-01-30 18:23:50 --> [DEPRECATED] Creation of dynamic property App\Controllers\Productos::$unidades is deprecated in APPPATH\Controllers\Productos.php on line 14.
 1 SYSTEMPATH\CodeIgniter.php(913): App\Controllers\Productos->__construct()
 2 SYSTEMPATH\CodeIgniter.php(493): CodeIgniter\CodeIgniter->createController()
 3 SYSTEMPATH\CodeIgniter.php(361): CodeIgniter\CodeIgniter->handleRequest(null, Object(Config\Cache), false)
 4 FCPATH\index.php(79): CodeIgniter\CodeIgniter->run()
WARNING - 2024-01-30 18:23:50 --> [DEPRECATED] Creation of dynamic property App\Controllers\Productos::$categorias is deprecated in APPPATH\Controllers\Productos.php on line 15.
 1 SYSTEMPATH\CodeIgniter.php(913): App\Controllers\Productos->__construct()
 2 SYSTEMPATH\CodeIgniter.php(493): CodeIgniter\CodeIgniter->createController()
 3 SYSTEMPATH\CodeIgniter.php(361): CodeIgniter\CodeIgniter->handleRequest(null, Object(Config\Cache), false)
 4 FCPATH\index.php(79): CodeIgniter\CodeIgniter->run()
WARNING - 2024-01-30 18:23:59 --> [DEPRECATED] Creation of dynamic property App\Controllers\Productos::$unidades is deprecated in APPPATH\Controllers\Productos.php on line 14.
 1 SYSTEMPATH\CodeIgniter.php(913): App\Controllers\Productos->__construct()
 2 SYSTEMPATH\CodeIgniter.php(493): CodeIgniter\CodeIgniter->createController()
 3 SYSTEMPATH\CodeIgniter.php(361): CodeIgniter\CodeIgniter->handleRequest(null, Object(Config\Cache), false)
 4 FCPATH\index.php(79): CodeIgniter\CodeIgniter->run()
WARNING - 2024-01-30 18:23:59 --> [DEPRECATED] Creation of dynamic property App\Controllers\Productos::$categorias is deprecated in APPPATH\Controllers\Productos.php on line 15.
 1 SYSTEMPATH\CodeIgniter.php(913): App\Controllers\Productos->__construct()
 2 SYSTEMPATH\CodeIgniter.php(493): CodeIgniter\CodeIgniter->createController()
 3 SYSTEMPATH\CodeIgniter.php(361): CodeIgniter\CodeIgniter->handleRequest(null, Object(Config\Cache), false)
 4 FCPATH\index.php(79): CodeIgniter\CodeIgniter->run()
CRITICAL - 2024-01-30 18:23:59 --> ErrorException: Undefined variable $unidades
in APPPATH\Views\productos\nuevo.php on line 26.
 1 APPPATH\Views\productos\nuevo.php(26): CodeIgniter\Debug\Exceptions->errorHandler(2, 'Undefined variable $unidades', 'C:\\xampp\\htdocs\\pos-php\\app\\Views\\productos\\nuevo.php', 26)
 2 SYSTEMPATH\View\View.php(228): include('C:\\xampp\\htdocs\\pos-php\\app\\Views\\productos\\nuevo.php')
 3 SYSTEMPATH\View\View.php(231): CodeIgniter\View\View->CodeIgniter\View\{closure}()
 4 SYSTEMPATH\Common.php(1178): CodeIgniter\View\View->render('productos/nuevo', [], true)
 5 APPPATH\Controllers\Productos.php(64): view('productos/nuevo', [...])
 6 SYSTEMPATH\CodeIgniter.php(941): App\Controllers\Productos->insertar()
 7 SYSTEMPATH\CodeIgniter.php(502): CodeIgniter\CodeIgniter->runController(Object(App\Controllers\Productos))
 8 SYSTEMPATH\CodeIgniter.php(361): CodeIgniter\CodeIgniter->handleRequest(null, Object(Config\Cache), false)
 9 FCPATH\index.php(79): CodeIgniter\CodeIgniter->run()
WARNING - 2024-01-30 22:22:16 --> [DEPRECATED] Creation of dynamic property App\Controllers\Productos::$unidades is deprecated in APPPATH\Controllers\Productos.php on line 14.
 1 SYSTEMPATH\CodeIgniter.php(913): App\Controllers\Productos->__construct()
 2 SYSTEMPATH\CodeIgniter.php(493): CodeIgniter\CodeIgniter->createController()
 3 SYSTEMPATH\CodeIgniter.php(361): CodeIgniter\CodeIgniter->handleRequest(null, Object(Config\Cache), false)
 4 FCPATH\index.php(79): CodeIgniter\CodeIgniter->run()
WARNING - 2024-01-30 22:22:16 --> [DEPRECATED] Creation of dynamic property App\Controllers\Productos::$categorias is deprecated in APPPATH\Controllers\Productos.php on line 15.
 1 SYSTEMPATH\CodeIgniter.php(913): App\Controllers\Productos->__construct()
 2 SYSTEMPATH\CodeIgniter.php(493): CodeIgniter\CodeIgniter->createController()
 3 SYSTEMPATH\CodeIgniter.php(361): CodeIgniter\CodeIgniter->handleRequest(null, Object(Config\Cache), false)
 4 FCPATH\index.php(79): CodeIgniter\CodeIgniter->run()
WARNING - 2024-01-30 22:22:20 --> [DEPRECATED] Creation of dynamic property App\Controllers\Productos::$unidades is deprecated in APPPATH\Controllers\Productos.php on line 14.
 1 SYSTEMPATH\CodeIgniter.php(913): App\Controllers\Productos->__construct()
 2 SYSTEMPATH\CodeIgniter.php(493): CodeIgniter\CodeIgniter->createController()
 3 SYSTEMPATH\CodeIgniter.php(361): CodeIgniter\CodeIgniter->handleRequest(null, Object(Config\Cache), false)
 4 FCPATH\index.php(79): CodeIgniter\CodeIgniter->run()
WARNING - 2024-01-30 22:22:20 --> [DEPRECATED] Creation of dynamic property App\Controllers\Productos::$categorias is deprecated in APPPATH\Controllers\Productos.php on line 15.
 1 SYSTEMPATH\CodeIgniter.php(913): App\Controllers\Productos->__construct()
 2 SYSTEMPATH\CodeIgniter.php(493): CodeIgniter\CodeIgniter->createController()
 3 SYSTEMPATH\CodeIgniter.php(361): CodeIgniter\CodeIgniter->handleRequest(null, Object(Config\Cache), false)
 4 FCPATH\index.php(79): CodeIgniter\CodeIgniter->run()
WARNING - 2024-01-30 22:22:48 --> [DEPRECATED] Creation of dynamic property App\Controllers\Productos::$unidades is deprecated in APPPATH\Controllers\Productos.php on line 14.
 1 SYSTEMPATH\CodeIgniter.php(913): App\Controllers\Productos->__construct()
 2 SYSTEMPATH\CodeIgniter.php(493): CodeIgniter\CodeIgniter->createController()
 3 SYSTEMPATH\CodeIgniter.php(361): CodeIgniter\CodeIgniter->handleRequest(null, Object(Config\Cache), false)
 4 FCPATH\index.php(79): CodeIgniter\CodeIgniter->run()
WARNING - 2024-01-30 22:22:48 --> [DEPRECATED] Creation of dynamic property App\Controllers\Productos::$categorias is deprecated in APPPATH\Controllers\Productos.php on line 15.
 1 SYSTEMPATH\CodeIgniter.php(913): App\Controllers\Productos->__construct()
 2 SYSTEMPATH\CodeIgniter.php(493): CodeIgniter\CodeIgniter->createController()
 3 SYSTEMPATH\CodeIgniter.php(361): CodeIgniter\CodeIgniter->handleRequest(null, Object(Config\Cache), false)
 4 FCPATH\index.php(79): CodeIgniter\CodeIgniter->run()
CRITICAL - 2024-01-30 22:22:48 --> ErrorException: Undefined variable $unidades
in APPPATH\Views\productos\nuevo.php on line 26.
 1 APPPATH\Views\productos\nuevo.php(26): CodeIgniter\Debug\Exceptions->errorHandler(2, 'Undefined variable $unidades', 'C:\\xampp\\htdocs\\pos-php\\app\\Views\\productos\\nuevo.php', 26)
 2 SYSTEMPATH\View\View.php(228): include('C:\\xampp\\htdocs\\pos-php\\app\\Views\\productos\\nuevo.php')
 3 SYSTEMPATH\View\View.php(231): CodeIgniter\View\View->CodeIgniter\View\{closure}()
 4 SYSTEMPATH\Common.php(1178): CodeIgniter\View\View->render('productos/nuevo', [], true)
 5 APPPATH\Controllers\Productos.php(64): view('productos/nuevo', [...])
 6 SYSTEMPATH\CodeIgniter.php(941): App\Controllers\Productos->insertar()
 7 SYSTEMPATH\CodeIgniter.php(502): CodeIgniter\CodeIgniter->runController(Object(App\Controllers\Productos))
 8 SYSTEMPATH\CodeIgniter.php(361): CodeIgniter\CodeIgniter->handleRequest(null, Object(Config\Cache), false)
 9 FCPATH\index.php(79): CodeIgniter\CodeIgniter->run()
WARNING - 2024-01-30 22:26:23 --> [DEPRECATED] Creation of dynamic property App\Controllers\Productos::$unidades is deprecated in APPPATH\Controllers\Productos.php on line 14.
 1 SYSTEMPATH\CodeIgniter.php(913): App\Controllers\Productos->__construct()
 2 SYSTEMPATH\CodeIgniter.php(493): CodeIgniter\CodeIgniter->createController()
 3 SYSTEMPATH\CodeIgniter.php(361): CodeIgniter\CodeIgniter->handleRequest(null, Object(Config\Cache), false)
 4 FCPATH\index.php(79): CodeIgniter\CodeIgniter->run()
WARNING - 2024-01-30 22:26:23 --> [DEPRECATED] Creation of dynamic property App\Controllers\Productos::$categorias is deprecated in APPPATH\Controllers\Productos.php on line 15.
 1 SYSTEMPATH\CodeIgniter.php(913): App\Controllers\Productos->__construct()
 2 SYSTEMPATH\CodeIgniter.php(493): CodeIgniter\CodeIgniter->createController()
 3 SYSTEMPATH\CodeIgniter.php(361): CodeIgniter\CodeIgniter->handleRequest(null, Object(Config\Cache), false)
 4 FCPATH\index.php(79): CodeIgniter\CodeIgniter->run()
WARNING - 2024-01-30 22:26:25 --> [DEPRECATED] Creation of dynamic property App\Controllers\Productos::$unidades is deprecated in APPPATH\Controllers\Productos.php on line 14.
 1 SYSTEMPATH\CodeIgniter.php(913): App\Controllers\Productos->__construct()
 2 SYSTEMPATH\CodeIgniter.php(493): CodeIgniter\CodeIgniter->createController()
 3 SYSTEMPATH\CodeIgniter.php(361): CodeIgniter\CodeIgniter->handleRequest(null, Object(Config\Cache), false)
 4 FCPATH\index.php(79): CodeIgniter\CodeIgniter->run()
WARNING - 2024-01-30 22:26:25 --> [DEPRECATED] Creation of dynamic property App\Controllers\Productos::$categorias is deprecated in APPPATH\Controllers\Productos.php on line 15.
 1 SYSTEMPATH\CodeIgniter.php(913): App\Controllers\Productos->__construct()
 2 SYSTEMPATH\CodeIgniter.php(493): CodeIgniter\CodeIgniter->createController()
 3 SYSTEMPATH\CodeIgniter.php(361): CodeIgniter\CodeIgniter->handleRequest(null, Object(Config\Cache), false)
 4 FCPATH\index.php(79): CodeIgniter\CodeIgniter->run()
WARNING - 2024-01-30 22:26:47 --> [DEPRECATED] Creation of dynamic property App\Controllers\Productos::$unidades is deprecated in APPPATH\Controllers\Productos.php on line 14.
 1 SYSTEMPATH\CodeIgniter.php(913): App\Controllers\Productos->__construct()
 2 SYSTEMPATH\CodeIgniter.php(493): CodeIgniter\CodeIgniter->createController()
 3 SYSTEMPATH\CodeIgniter.php(361): CodeIgniter\CodeIgniter->handleRequest(null, Object(Config\Cache), false)
 4 FCPATH\index.php(79): CodeIgniter\CodeIgniter->run()
WARNING - 2024-01-30 22:26:47 --> [DEPRECATED] Creation of dynamic property App\Controllers\Productos::$categorias is deprecated in APPPATH\Controllers\Productos.php on line 15.
 1 SYSTEMPATH\CodeIgniter.php(913): App\Controllers\Productos->__construct()
 2 SYSTEMPATH\CodeIgniter.php(493): CodeIgniter\CodeIgniter->createController()
 3 SYSTEMPATH\CodeIgniter.php(361): CodeIgniter\CodeIgniter->handleRequest(null, Object(Config\Cache), false)
 4 FCPATH\index.php(79): CodeIgniter\CodeIgniter->run()
CRITICAL - 2024-01-30 22:26:47 --> ErrorException: Undefined variable $unidades
in APPPATH\Views\productos\nuevo.php on line 26.
 1 APPPATH\Views\productos\nuevo.php(26): CodeIgniter\Debug\Exceptions->errorHandler(2, 'Undefined variable $unidades', 'C:\\xampp\\htdocs\\pos-php\\app\\Views\\productos\\nuevo.php', 26)
 2 SYSTEMPATH\View\View.php(228): include('C:\\xampp\\htdocs\\pos-php\\app\\Views\\productos\\nuevo.php')
 3 SYSTEMPATH\View\View.php(231): CodeIgniter\View\View->CodeIgniter\View\{closure}()
 4 SYSTEMPATH\Common.php(1178): CodeIgniter\View\View->render('productos/nuevo', [], true)
 5 APPPATH\Controllers\Productos.php(64): view('productos/nuevo', [...])
 6 SYSTEMPATH\CodeIgniter.php(941): App\Controllers\Productos->insertar()
 7 SYSTEMPATH\CodeIgniter.php(502): CodeIgniter\CodeIgniter->runController(Object(App\Controllers\Productos))
 8 SYSTEMPATH\CodeIgniter.php(361): CodeIgniter\CodeIgniter->handleRequest(null, Object(Config\Cache), false)
 9 FCPATH\index.php(79): CodeIgniter\CodeIgniter->run()
WARNING - 2024-01-30 22:28:05 --> [DEPRECATED] Creation of dynamic property App\Controllers\Productos::$unidades is deprecated in APPPATH\Controllers\Productos.php on line 14.
 1 SYSTEMPATH\CodeIgniter.php(913): App\Controllers\Productos->__construct()
 2 SYSTEMPATH\CodeIgniter.php(493): CodeIgniter\CodeIgniter->createController()
 3 SYSTEMPATH\CodeIgniter.php(361): CodeIgniter\CodeIgniter->handleRequest(null, Object(Config\Cache), false)
 4 FCPATH\index.php(79): CodeIgniter\CodeIgniter->run()
WARNING - 2024-01-30 22:28:05 --> [DEPRECATED] Creation of dynamic property App\Controllers\Productos::$categorias is deprecated in APPPATH\Controllers\Productos.php on line 15.
 1 SYSTEMPATH\CodeIgniter.php(913): App\Controllers\Productos->__construct()
 2 SYSTEMPATH\CodeIgniter.php(493): CodeIgniter\CodeIgniter->createController()
 3 SYSTEMPATH\CodeIgniter.php(361): CodeIgniter\CodeIgniter->handleRequest(null, Object(Config\Cache), false)
 4 FCPATH\index.php(79): CodeIgniter\CodeIgniter->run()
WARNING - 2024-01-30 22:28:07 --> [DEPRECATED] Creation of dynamic property App\Controllers\Productos::$unidades is deprecated in APPPATH\Controllers\Productos.php on line 14.
 1 SYSTEMPATH\CodeIgniter.php(913): App\Controllers\Productos->__construct()
 2 SYSTEMPATH\CodeIgniter.php(493): CodeIgniter\CodeIgniter->createController()
 3 SYSTEMPATH\CodeIgniter.php(361): CodeIgniter\CodeIgniter->handleRequest(null, Object(Config\Cache), false)
 4 FCPATH\index.php(79): CodeIgniter\CodeIgniter->run()
WARNING - 2024-01-30 22:28:07 --> [DEPRECATED] Creation of dynamic property App\Controllers\Productos::$categorias is deprecated in APPPATH\Controllers\Productos.php on line 15.
 1 SYSTEMPATH\CodeIgniter.php(913): App\Controllers\Productos->__construct()
 2 SYSTEMPATH\CodeIgniter.php(493): CodeIgniter\CodeIgniter->createController()
 3 SYSTEMPATH\CodeIgniter.php(361): CodeIgniter\CodeIgniter->handleRequest(null, Object(Config\Cache), false)
 4 FCPATH\index.php(79): CodeIgniter\CodeIgniter->run()
WARNING - 2024-01-30 22:28:18 --> [DEPRECATED] Creation of dynamic property App\Controllers\Productos::$unidades is deprecated in APPPATH\Controllers\Productos.php on line 14.
 1 SYSTEMPATH\CodeIgniter.php(913): App\Controllers\Productos->__construct()
 2 SYSTEMPATH\CodeIgniter.php(493): CodeIgniter\CodeIgniter->createController()
 3 SYSTEMPATH\CodeIgniter.php(361): CodeIgniter\CodeIgniter->handleRequest(null, Object(Config\Cache), false)
 4 FCPATH\index.php(79): CodeIgniter\CodeIgniter->run()
WARNING - 2024-01-30 22:28:18 --> [DEPRECATED] Creation of dynamic property App\Controllers\Productos::$categorias is deprecated in APPPATH\Controllers\Productos.php on line 15.
 1 SYSTEMPATH\CodeIgniter.php(913): App\Controllers\Productos->__construct()
 2 SYSTEMPATH\CodeIgniter.php(493): CodeIgniter\CodeIgniter->createController()
 3 SYSTEMPATH\CodeIgniter.php(361): CodeIgniter\CodeIgniter->handleRequest(null, Object(Config\Cache), false)
 4 FCPATH\index.php(79): CodeIgniter\CodeIgniter->run()
CRITICAL - 2024-01-30 22:28:18 --> ErrorException: Undefined variable $unidades
in APPPATH\Controllers\Productos.php on line 61.
 1 APPPATH\Controllers\Productos.php(61): CodeIgniter\Debug\Exceptions->errorHandler(2, 'Undefined variable $unidades', 'C:\\xampp\\htdocs\\pos-php\\app\\Controllers\\Productos.php', 61)
 2 SYSTEMPATH\CodeIgniter.php(941): App\Controllers\Productos->insertar()
 3 SYSTEMPATH\CodeIgniter.php(502): CodeIgniter\CodeIgniter->runController(Object(App\Controllers\Productos))
 4 SYSTEMPATH\CodeIgniter.php(361): CodeIgniter\CodeIgniter->handleRequest(null, Object(Config\Cache), false)
 5 FCPATH\index.php(79): CodeIgniter\CodeIgniter->run()
WARNING - 2024-01-30 22:32:58 --> [DEPRECATED] Creation of dynamic property App\Controllers\Productos::$unidades is deprecated in APPPATH\Controllers\Productos.php on line 14.
 1 SYSTEMPATH\CodeIgniter.php(913): App\Controllers\Productos->__construct()
 2 SYSTEMPATH\CodeIgniter.php(493): CodeIgniter\CodeIgniter->createController()
 3 SYSTEMPATH\CodeIgniter.php(361): CodeIgniter\CodeIgniter->handleRequest(null, Object(Config\Cache), false)
 4 FCPATH\index.php(79): CodeIgniter\CodeIgniter->run()
WARNING - 2024-01-30 22:32:58 --> [DEPRECATED] Creation of dynamic property App\Controllers\Productos::$categorias is deprecated in APPPATH\Controllers\Productos.php on line 15.
 1 SYSTEMPATH\CodeIgniter.php(913): App\Controllers\Productos->__construct()
 2 SYSTEMPATH\CodeIgniter.php(493): CodeIgniter\CodeIgniter->createController()
 3 SYSTEMPATH\CodeIgniter.php(361): CodeIgniter\CodeIgniter->handleRequest(null, Object(Config\Cache), false)
 4 FCPATH\index.php(79): CodeIgniter\CodeIgniter->run()
WARNING - 2024-01-30 22:34:11 --> [DEPRECATED] Creation of dynamic property App\Controllers\Productos::$unidades is deprecated in APPPATH\Controllers\Productos.php on line 14.
 1 SYSTEMPATH\CodeIgniter.php(913): App\Controllers\Productos->__construct()
 2 SYSTEMPATH\CodeIgniter.php(493): CodeIgniter\CodeIgniter->createController()
 3 SYSTEMPATH\CodeIgniter.php(361): CodeIgniter\CodeIgniter->handleRequest(null, Object(Config\Cache), false)
 4 FCPATH\index.php(79): CodeIgniter\CodeIgniter->run()
WARNING - 2024-01-30 22:34:11 --> [DEPRECATED] Creation of dynamic property App\Controllers\Productos::$categorias is deprecated in APPPATH\Controllers\Productos.php on line 15.
 1 SYSTEMPATH\CodeIgniter.php(913): App\Controllers\Productos->__construct()
 2 SYSTEMPATH\CodeIgniter.php(493): CodeIgniter\CodeIgniter->createController()
 3 SYSTEMPATH\CodeIgniter.php(361): CodeIgniter\CodeIgniter->handleRequest(null, Object(Config\Cache), false)
 4 FCPATH\index.php(79): CodeIgniter\CodeIgniter->run()
WARNING - 2024-01-30 22:34:13 --> [DEPRECATED] Creation of dynamic property App\Controllers\Productos::$unidades is deprecated in APPPATH\Controllers\Productos.php on line 14.
 1 SYSTEMPATH\CodeIgniter.php(913): App\Controllers\Productos->__construct()
 2 SYSTEMPATH\CodeIgniter.php(493): CodeIgniter\CodeIgniter->createController()
 3 SYSTEMPATH\CodeIgniter.php(361): CodeIgniter\CodeIgniter->handleRequest(null, Object(Config\Cache), false)
 4 FCPATH\index.php(79): CodeIgniter\CodeIgniter->run()
WARNING - 2024-01-30 22:34:13 --> [DEPRECATED] Creation of dynamic property App\Controllers\Productos::$categorias is deprecated in APPPATH\Controllers\Productos.php on line 15.
 1 SYSTEMPATH\CodeIgniter.php(913): App\Controllers\Productos->__construct()
 2 SYSTEMPATH\CodeIgniter.php(493): CodeIgniter\CodeIgniter->createController()
 3 SYSTEMPATH\CodeIgniter.php(361): CodeIgniter\CodeIgniter->handleRequest(null, Object(Config\Cache), false)
 4 FCPATH\index.php(79): CodeIgniter\CodeIgniter->run()
WARNING - 2024-01-30 22:34:31 --> [DEPRECATED] Creation of dynamic property App\Controllers\Productos::$unidades is deprecated in APPPATH\Controllers\Productos.php on line 14.
 1 SYSTEMPATH\CodeIgniter.php(913): App\Controllers\Productos->__construct()
 2 SYSTEMPATH\CodeIgniter.php(493): CodeIgniter\CodeIgniter->createController()
 3 SYSTEMPATH\CodeIgniter.php(361): CodeIgniter\CodeIgniter->handleRequest(null, Object(Config\Cache), false)
 4 FCPATH\index.php(79): CodeIgniter\CodeIgniter->run()
WARNING - 2024-01-30 22:34:31 --> [DEPRECATED] Creation of dynamic property App\Controllers\Productos::$categorias is deprecated in APPPATH\Controllers\Productos.php on line 15.
 1 SYSTEMPATH\CodeIgniter.php(913): App\Controllers\Productos->__construct()
 2 SYSTEMPATH\CodeIgniter.php(493): CodeIgniter\CodeIgniter->createController()
 3 SYSTEMPATH\CodeIgniter.php(361): CodeIgniter\CodeIgniter->handleRequest(null, Object(Config\Cache), false)
 4 FCPATH\index.php(79): CodeIgniter\CodeIgniter->run()
CRITICAL - 2024-01-30 22:34:31 --> ErrorException: Undefined variable $unidades
in APPPATH\Views\productos\nuevo.php on line 26.
 1 APPPATH\Views\productos\nuevo.php(26): CodeIgniter\Debug\Exceptions->errorHandler(2, 'Undefined variable $unidades', 'C:\\xampp\\htdocs\\pos-php\\app\\Views\\productos\\nuevo.php', 26)
 2 SYSTEMPATH\View\View.php(228): include('C:\\xampp\\htdocs\\pos-php\\app\\Views\\productos\\nuevo.php')
 3 SYSTEMPATH\View\View.php(231): CodeIgniter\View\View->CodeIgniter\View\{closure}()
 4 SYSTEMPATH\Common.php(1178): CodeIgniter\View\View->render('productos/nuevo', [], true)
 5 APPPATH\Controllers\Productos.php(64): view('productos/nuevo', [...])
 6 SYSTEMPATH\CodeIgniter.php(941): App\Controllers\Productos->insertar()
 7 SYSTEMPATH\CodeIgniter.php(502): CodeIgniter\CodeIgniter->runController(Object(App\Controllers\Productos))
 8 SYSTEMPATH\CodeIgniter.php(361): CodeIgniter\CodeIgniter->handleRequest(null, Object(Config\Cache), false)
 9 FCPATH\index.php(79): CodeIgniter\CodeIgniter->run()
WARNING - 2024-01-30 22:46:57 --> [DEPRECATED] Creation of dynamic property App\Controllers\Productos::$unidades is deprecated in APPPATH\Controllers\Productos.php on line 14.
 1 SYSTEMPATH\CodeIgniter.php(913): App\Controllers\Productos->__construct()
 2 SYSTEMPATH\CodeIgniter.php(493): CodeIgniter\CodeIgniter->createController()
 3 SYSTEMPATH\CodeIgniter.php(361): CodeIgniter\CodeIgniter->handleRequest(null, Object(Config\Cache), false)
 4 FCPATH\index.php(79): CodeIgniter\CodeIgniter->run()
WARNING - 2024-01-30 22:46:57 --> [DEPRECATED] Creation of dynamic property App\Controllers\Productos::$categorias is deprecated in APPPATH\Controllers\Productos.php on line 15.
 1 SYSTEMPATH\CodeIgniter.php(913): App\Controllers\Productos->__construct()
 2 SYSTEMPATH\CodeIgniter.php(493): CodeIgniter\CodeIgniter->createController()
 3 SYSTEMPATH\CodeIgniter.php(361): CodeIgniter\CodeIgniter->handleRequest(null, Object(Config\Cache), false)
 4 FCPATH\index.php(79): CodeIgniter\CodeIgniter->run()
