CRITICAL - 2024-01-12 01:12:43 --> Error: Class "App\Controllers\UnidadesModel" not found
in APPPATH\Controllers\Unidades.php on line 10.
 1 SYSTEMPATH\CodeIgniter.php(913): App\Controllers\Unidades->__construct()
 2 SYSTEMPATH\CodeIgniter.php(493): CodeIgniter\CodeIgniter->createController()
 3 SYSTEMPATH\CodeIgniter.php(361): CodeIgniter\CodeIgniter->handleRequest(null, Object(Config\Cache), false)
 4 FCPATH\index.php(79): CodeIgniter\CodeIgniter->run()
CRITICAL - 2024-01-12 01:14:52 --> Error: Class "App\Controllers\UnidadesModel" not found
in APPPATH\Controllers\Unidades.php on line 10.
 1 SYSTEMPATH\CodeIgniter.php(913): App\Controllers\Unidades->__construct()
 2 SYSTEMPATH\CodeIgniter.php(493): CodeIgniter\CodeIgniter->createController()
 3 SYSTEMPATH\CodeIgniter.php(361): CodeIgniter\CodeIgniter->handleRequest(null, Object(Config\Cache), false)
 4 FCPATH\index.php(79): CodeIgniter\CodeIgniter->run()
CRITICAL - 2024-01-12 01:16:30 --> Error: Class "App\Controllers\UnidadesModel" not found
in APPPATH\Controllers\Unidades.php on line 10.
 1 SYSTEMPATH\CodeIgniter.php(913): App\Controllers\Unidades->__construct()
 2 SYSTEMPATH\CodeIgniter.php(493): CodeIgniter\CodeIgniter->createController()
 3 SYSTEMPATH\CodeIgniter.php(361): CodeIgniter\CodeIgniter->handleRequest(null, Object(Config\Cache), false)
 4 FCPATH\index.php(79): CodeIgniter\CodeIgniter->run()
CRITICAL - 2024-01-12 01:16:33 --> Error: Class "App\Controllers\UnidadesModel" not found
in APPPATH\Controllers\Unidades.php on line 10.
 1 SYSTEMPATH\CodeIgniter.php(913): App\Controllers\Unidades->__construct()
 2 SYSTEMPATH\CodeIgniter.php(493): CodeIgniter\CodeIgniter->createController()
 3 SYSTEMPATH\CodeIgniter.php(361): CodeIgniter\CodeIgniter->handleRequest(null, Object(Config\Cache), false)
 4 FCPATH\index.php(79): CodeIgniter\CodeIgniter->run()
CRITICAL - 2024-01-12 01:17:28 --> Error: Class "App\Controllers\UnidadesModel" not found
in APPPATH\Controllers\Unidades.php on line 10.
 1 SYSTEMPATH\CodeIgniter.php(913): App\Controllers\Unidades->__construct()
 2 SYSTEMPATH\CodeIgniter.php(493): CodeIgniter\CodeIgniter->createController()
 3 SYSTEMPATH\CodeIgniter.php(361): CodeIgniter\CodeIgniter->handleRequest(null, Object(Config\Cache), false)
 4 FCPATH\index.php(79): CodeIgniter\CodeIgniter->run()
CRITICAL - 2024-01-12 01:21:01 --> Error: Class "App\Controllers\UnidadesModel" not found
in APPPATH\Controllers\Unidades.php on line 10.
 1 SYSTEMPATH\CodeIgniter.php(913): App\Controllers\Unidades->__construct()
 2 SYSTEMPATH\CodeIgniter.php(493): CodeIgniter\CodeIgniter->createController()
 3 SYSTEMPATH\CodeIgniter.php(361): CodeIgniter\CodeIgniter->handleRequest(null, Object(Config\Cache), false)
 4 FCPATH\index.php(79): CodeIgniter\CodeIgniter->run()
CRITICAL - 2024-01-12 01:21:57 --> Error: Class "App\Controllers\UnidadesModel" not found
in APPPATH\Controllers\Unidades.php on line 10.
 1 SYSTEMPATH\CodeIgniter.php(913): App\Controllers\Unidades->__construct()
 2 SYSTEMPATH\CodeIgniter.php(493): CodeIgniter\CodeIgniter->createController()
 3 SYSTEMPATH\CodeIgniter.php(361): CodeIgniter\CodeIgniter->handleRequest(null, Object(Config\Cache), false)
 4 FCPATH\index.php(79): CodeIgniter\CodeIgniter->run()
CRITICAL - 2024-01-12 01:22:06 --> Error: Class "App\Controllers\UnidadesModel" not found
in APPPATH\Controllers\Unidades.php on line 10.
 1 SYSTEMPATH\CodeIgniter.php(913): App\Controllers\Unidades->__construct()
 2 SYSTEMPATH\CodeIgniter.php(493): CodeIgniter\CodeIgniter->createController()
 3 SYSTEMPATH\CodeIgniter.php(361): CodeIgniter\CodeIgniter->handleRequest(null, Object(Config\Cache), false)
 4 FCPATH\index.php(79): CodeIgniter\CodeIgniter->run()
CRITICAL - 2024-01-12 01:29:05 --> Error: Class "App\Controllers\UnidadesModel" not found
in APPPATH\Controllers\Unidades.php on line 10.
 1 SYSTEMPATH\CodeIgniter.php(913): App\Controllers\Unidades->__construct()
 2 SYSTEMPATH\CodeIgniter.php(493): CodeIgniter\CodeIgniter->createController()
 3 SYSTEMPATH\CodeIgniter.php(361): CodeIgniter\CodeIgniter->handleRequest(null, Object(Config\Cache), false)
 4 FCPATH\index.php(79): CodeIgniter\CodeIgniter->run()
CRITICAL - 2024-01-12 01:40:38 --> Error: Class "App\Controllers\UnidadesModel" not found
in APPPATH\Controllers\Unidades.php on line 10.
 1 SYSTEMPATH\CodeIgniter.php(913): App\Controllers\Unidades->__construct()
 2 SYSTEMPATH\CodeIgniter.php(493): CodeIgniter\CodeIgniter->createController()
 3 SYSTEMPATH\CodeIgniter.php(361): CodeIgniter\CodeIgniter->handleRequest(null, Object(Config\Cache), false)
 4 FCPATH\index.php(79): CodeIgniter\CodeIgniter->run()
CRITICAL - 2024-01-12 01:44:12 --> Error: Class "App\Controllers\UnidadesModel" not found
in APPPATH\Controllers\Unidades.php on line 10.
 1 SYSTEMPATH\CodeIgniter.php(913): App\Controllers\Unidades->__construct()
 2 SYSTEMPATH\CodeIgniter.php(493): CodeIgniter\CodeIgniter->createController()
 3 SYSTEMPATH\CodeIgniter.php(361): CodeIgniter\CodeIgniter->handleRequest(null, Object(Config\Cache), false)
 4 FCPATH\index.php(79): CodeIgniter\CodeIgniter->run()
CRITICAL - 2024-01-12 01:51:50 --> Error: Class "App\Controllers\UnidadesModel" not found
in APPPATH\Controllers\Unidades.php on line 10.
 1 SYSTEMPATH\CodeIgniter.php(913): App\Controllers\Unidades->__construct()
 2 SYSTEMPATH\CodeIgniter.php(493): CodeIgniter\CodeIgniter->createController()
 3 SYSTEMPATH\CodeIgniter.php(361): CodeIgniter\CodeIgniter->handleRequest(null, Object(Config\Cache), false)
 4 FCPATH\index.php(79): CodeIgniter\CodeIgniter->run()
