WARNING - 2024-01-31 00:29:21 --> [DEPRECATED] Creation of dynamic property App\Controllers\Productos::$unidades is deprecated in APPPATH\Controllers\Productos.php on line 14.
 1 SYSTEMPATH\CodeIgniter.php(913): App\Controllers\Productos->__construct()
 2 SYSTEMPATH\CodeIgniter.php(493): CodeIgniter\CodeIgniter->createController()
 3 SYSTEMPATH\CodeIgniter.php(361): CodeIgniter\CodeIgniter->handleRequest(null, Object(Config\Cache), false)
 4 FCPATH\index.php(79): CodeIgniter\CodeIgniter->run()
WARNING - 2024-01-31 00:29:21 --> [DEPRECATED] Creation of dynamic property App\Controllers\Productos::$categorias is deprecated in APPPATH\Controllers\Productos.php on line 15.
 1 SYSTEMPATH\CodeIgniter.php(913): App\Controllers\Productos->__construct()
 2 SYSTEMPATH\CodeIgniter.php(493): CodeIgniter\CodeIgniter->createController()
 3 SYSTEMPATH\CodeIgniter.php(361): CodeIgniter\CodeIgniter->handleRequest(null, Object(Config\Cache), false)
 4 FCPATH\index.php(79): CodeIgniter\CodeIgniter->run()
WARNING - 2024-01-31 00:29:23 --> [DEPRECATED] Creation of dynamic property App\Controllers\Productos::$unidades is deprecated in APPPATH\Controllers\Productos.php on line 14.
 1 SYSTEMPATH\CodeIgniter.php(913): App\Controllers\Productos->__construct()
 2 SYSTEMPATH\CodeIgniter.php(493): CodeIgniter\CodeIgniter->createController()
 3 SYSTEMPATH\CodeIgniter.php(361): CodeIgniter\CodeIgniter->handleRequest(null, Object(Config\Cache), false)
 4 FCPATH\index.php(79): CodeIgniter\CodeIgniter->run()
WARNING - 2024-01-31 00:29:23 --> [DEPRECATED] Creation of dynamic property App\Controllers\Productos::$categorias is deprecated in APPPATH\Controllers\Productos.php on line 15.
 1 SYSTEMPATH\CodeIgniter.php(913): App\Controllers\Productos->__construct()
 2 SYSTEMPATH\CodeIgniter.php(493): CodeIgniter\CodeIgniter->createController()
 3 SYSTEMPATH\CodeIgniter.php(361): CodeIgniter\CodeIgniter->handleRequest(null, Object(Config\Cache), false)
 4 FCPATH\index.php(79): CodeIgniter\CodeIgniter->run()
WARNING - 2024-01-31 00:29:57 --> [DEPRECATED] Creation of dynamic property App\Controllers\Productos::$unidades is deprecated in APPPATH\Controllers\Productos.php on line 14.
 1 SYSTEMPATH\CodeIgniter.php(913): App\Controllers\Productos->__construct()
 2 SYSTEMPATH\CodeIgniter.php(493): CodeIgniter\CodeIgniter->createController()
 3 SYSTEMPATH\CodeIgniter.php(361): CodeIgniter\CodeIgniter->handleRequest(null, Object(Config\Cache), false)
 4 FCPATH\index.php(79): CodeIgniter\CodeIgniter->run()
WARNING - 2024-01-31 00:29:57 --> [DEPRECATED] Creation of dynamic property App\Controllers\Productos::$categorias is deprecated in APPPATH\Controllers\Productos.php on line 15.
 1 SYSTEMPATH\CodeIgniter.php(913): App\Controllers\Productos->__construct()
 2 SYSTEMPATH\CodeIgniter.php(493): CodeIgniter\CodeIgniter->createController()
 3 SYSTEMPATH\CodeIgniter.php(361): CodeIgniter\CodeIgniter->handleRequest(null, Object(Config\Cache), false)
 4 FCPATH\index.php(79): CodeIgniter\CodeIgniter->run()
ERROR - 2024-01-31 00:29:57 --> mysqli_sql_exception: Column 'precio_venta' cannot be null in C:\xampp\htdocs\pos-php\system\Database\MySQLi\Connection.php:306
Stack trace:
#0 C:\xampp\htdocs\pos-php\system\Database\MySQLi\Connection.php(306): mysqli->query('INSERT INTO `pr...', 0)
#1 C:\xampp\htdocs\pos-php\system\Database\BaseConnection.php(693): CodeIgniter\Database\MySQLi\Connection->execute('INSERT INTO `pr...')
#2 C:\xampp\htdocs\pos-php\system\Database\BaseConnection.php(607): CodeIgniter\Database\BaseConnection->simpleQuery('INSERT INTO `pr...')
#3 C:\xampp\htdocs\pos-php\system\Database\BaseBuilder.php(2302): CodeIgniter\Database\BaseConnection->query('INSERT INTO `pr...', Array, false)
#4 C:\xampp\htdocs\pos-php\system\Model.php(326): CodeIgniter\Database\BaseBuilder->insert()
#5 C:\xampp\htdocs\pos-php\system\BaseModel.php(802): CodeIgniter\Model->doInsert(Array)
#6 C:\xampp\htdocs\pos-php\system\Model.php(744): CodeIgniter\BaseModel->insert(Array, false)
#7 C:\xampp\htdocs\pos-php\system\BaseModel.php(713): CodeIgniter\Model->insert(Array, false)
#8 C:\xampp\htdocs\pos-php\app\Controllers\Productos.php(56): CodeIgniter\BaseModel->save(Array)
#9 C:\xampp\htdocs\pos-php\system\CodeIgniter.php(941): App\Controllers\Productos->insertar()
#10 C:\xampp\htdocs\pos-php\system\CodeIgniter.php(502): CodeIgniter\CodeIgniter->runController(Object(App\Controllers\Productos))
#11 C:\xampp\htdocs\pos-php\system\CodeIgniter.php(361): CodeIgniter\CodeIgniter->handleRequest(NULL, Object(Config\Cache), false)
#12 C:\xampp\htdocs\pos-php\public\index.php(79): CodeIgniter\CodeIgniter->run()
#13 {main}
CRITICAL - 2024-01-31 00:29:57 --> CodeIgniter\Database\Exceptions\DatabaseException: Column 'precio_venta' cannot be null
in SYSTEMPATH\Database\BaseConnection.php on line 647.
 1 SYSTEMPATH\Database\BaseBuilder.php(2302): CodeIgniter\Database\BaseConnection->query('INSERT INTO `productos` (`codigo`, `nombre`, `precio_venta`, `precio_compra`, `stock_minimo`, `inventariable`, `id_unidad`, `id_categoria`, `fecha_alta`, `fecha_edit`) VALUES (:codigo:, :nombre:, :precio_venta:, :precio_compra:, :stock_minimo:, :inventariable:, :id_unidad:, :id_categoria:, :fecha_alta:, :fecha_edit:)', [...], false)
 2 SYSTEMPATH\Model.php(326): CodeIgniter\Database\BaseBuilder->insert()
 3 SYSTEMPATH\BaseModel.php(802): CodeIgniter\Model->doInsert([...])
 4 SYSTEMPATH\Model.php(744): CodeIgniter\BaseModel->insert([...], false)
 5 SYSTEMPATH\BaseModel.php(713): CodeIgniter\Model->insert([...], false)
 6 APPPATH\Controllers\Productos.php(56): CodeIgniter\BaseModel->save([...])
 7 SYSTEMPATH\CodeIgniter.php(941): App\Controllers\Productos->insertar()
 8 SYSTEMPATH\CodeIgniter.php(502): CodeIgniter\CodeIgniter->runController(Object(App\Controllers\Productos))
 9 SYSTEMPATH\CodeIgniter.php(361): CodeIgniter\CodeIgniter->handleRequest(null, Object(Config\Cache), false)
10 FCPATH\index.php(79): CodeIgniter\CodeIgniter->run()
CRITICAL - 2024-01-31 00:29:57 --> [Caused by] CodeIgniter\Database\Exceptions\DatabaseException: Column 'precio_venta' cannot be null
in SYSTEMPATH\Database\MySQLi\Connection.php on line 311.
 1 SYSTEMPATH\Database\BaseConnection.php(693): CodeIgniter\Database\MySQLi\Connection->execute('INSERT INTO `productos` (`codigo`, `nombre`, `precio_venta`, `precio_compra`, `stock_minimo`, `inventariable`, `id_unidad`, `id_categoria`, `fecha_alta`, `fecha_edit`) VALUES (\'123456789\', \'Coca\', NULL, \'120.00\', NULL, \'1\', \'10 \', \'4\', \'2024-01-31 00:29:57\', \'2024-01-31 00:29:57\')')
 2 SYSTEMPATH\Database\BaseConnection.php(607): CodeIgniter\Database\BaseConnection->simpleQuery('INSERT INTO `productos` (`codigo`, `nombre`, `precio_venta`, `precio_compra`, `stock_minimo`, `inventariable`, `id_unidad`, `id_categoria`, `fecha_alta`, `fecha_edit`) VALUES (\'123456789\', \'Coca\', NULL, \'120.00\', NULL, \'1\', \'10 \', \'4\', \'2024-01-31 00:29:57\', \'2024-01-31 00:29:57\')')
 3 SYSTEMPATH\Database\BaseBuilder.php(2302): CodeIgniter\Database\BaseConnection->query('INSERT INTO `productos` (`codigo`, `nombre`, `precio_venta`, `precio_compra`, `stock_minimo`, `inventariable`, `id_unidad`, `id_categoria`, `fecha_alta`, `fecha_edit`) VALUES (:codigo:, :nombre:, :precio_venta:, :precio_compra:, :stock_minimo:, :inventariable:, :id_unidad:, :id_categoria:, :fecha_alta:, :fecha_edit:)', [...], false)
 4 SYSTEMPATH\Model.php(326): CodeIgniter\Database\BaseBuilder->insert()
 5 SYSTEMPATH\BaseModel.php(802): CodeIgniter\Model->doInsert([...])
 6 SYSTEMPATH\Model.php(744): CodeIgniter\BaseModel->insert([...], false)
 7 SYSTEMPATH\BaseModel.php(713): CodeIgniter\Model->insert([...], false)
 8 APPPATH\Controllers\Productos.php(56): CodeIgniter\BaseModel->save([...])
 9 SYSTEMPATH\CodeIgniter.php(941): App\Controllers\Productos->insertar()
10 SYSTEMPATH\CodeIgniter.php(502): CodeIgniter\CodeIgniter->runController(Object(App\Controllers\Productos))
11 SYSTEMPATH\CodeIgniter.php(361): CodeIgniter\CodeIgniter->handleRequest(null, Object(Config\Cache), false)
12 FCPATH\index.php(79): CodeIgniter\CodeIgniter->run()
CRITICAL - 2024-01-31 00:29:57 --> [Caused by] mysqli_sql_exception: Column 'precio_venta' cannot be null
in SYSTEMPATH\Database\MySQLi\Connection.php on line 306.
 1 SYSTEMPATH\Database\MySQLi\Connection.php(306): mysqli->query('INSERT INTO `productos` (`codigo`, `nombre`, `precio_venta`, `precio_compra`, `stock_minimo`, `inventariable`, `id_unidad`, `id_categoria`, `fecha_alta`, `fecha_edit`) VALUES (\'123456789\', \'Coca\', NULL, \'120.00\', NULL, \'1\', \'10 \', \'4\', \'2024-01-31 00:29:57\', \'2024-01-31 00:29:57\')', 0)
 2 SYSTEMPATH\Database\BaseConnection.php(693): CodeIgniter\Database\MySQLi\Connection->execute('INSERT INTO `productos` (`codigo`, `nombre`, `precio_venta`, `precio_compra`, `stock_minimo`, `inventariable`, `id_unidad`, `id_categoria`, `fecha_alta`, `fecha_edit`) VALUES (\'123456789\', \'Coca\', NULL, \'120.00\', NULL, \'1\', \'10 \', \'4\', \'2024-01-31 00:29:57\', \'2024-01-31 00:29:57\')')
 3 SYSTEMPATH\Database\BaseConnection.php(607): CodeIgniter\Database\BaseConnection->simpleQuery('INSERT INTO `productos` (`codigo`, `nombre`, `precio_venta`, `precio_compra`, `stock_minimo`, `inventariable`, `id_unidad`, `id_categoria`, `fecha_alta`, `fecha_edit`) VALUES (\'123456789\', \'Coca\', NULL, \'120.00\', NULL, \'1\', \'10 \', \'4\', \'2024-01-31 00:29:57\', \'2024-01-31 00:29:57\')')
 4 SYSTEMPATH\Database\BaseBuilder.php(2302): CodeIgniter\Database\BaseConnection->query('INSERT INTO `productos` (`codigo`, `nombre`, `precio_venta`, `precio_compra`, `stock_minimo`, `inventariable`, `id_unidad`, `id_categoria`, `fecha_alta`, `fecha_edit`) VALUES (:codigo:, :nombre:, :precio_venta:, :precio_compra:, :stock_minimo:, :inventariable:, :id_unidad:, :id_categoria:, :fecha_alta:, :fecha_edit:)', [...], false)
 5 SYSTEMPATH\Model.php(326): CodeIgniter\Database\BaseBuilder->insert()
 6 SYSTEMPATH\BaseModel.php(802): CodeIgniter\Model->doInsert([...])
 7 SYSTEMPATH\Model.php(744): CodeIgniter\BaseModel->insert([...], false)
 8 SYSTEMPATH\BaseModel.php(713): CodeIgniter\Model->insert([...], false)
 9 APPPATH\Controllers\Productos.php(56): CodeIgniter\BaseModel->save([...])
10 SYSTEMPATH\CodeIgniter.php(941): App\Controllers\Productos->insertar()
11 SYSTEMPATH\CodeIgniter.php(502): CodeIgniter\CodeIgniter->runController(Object(App\Controllers\Productos))
12 SYSTEMPATH\CodeIgniter.php(361): CodeIgniter\CodeIgniter->handleRequest(null, Object(Config\Cache), false)
13 FCPATH\index.php(79): CodeIgniter\CodeIgniter->run()
WARNING - 2024-01-31 00:35:19 --> [DEPRECATED] Creation of dynamic property App\Controllers\Productos::$unidades is deprecated in APPPATH\Controllers\Productos.php on line 14.
 1 SYSTEMPATH\CodeIgniter.php(913): App\Controllers\Productos->__construct()
 2 SYSTEMPATH\CodeIgniter.php(493): CodeIgniter\CodeIgniter->createController()
 3 SYSTEMPATH\CodeIgniter.php(361): CodeIgniter\CodeIgniter->handleRequest(null, Object(Config\Cache), false)
 4 FCPATH\index.php(79): CodeIgniter\CodeIgniter->run()
WARNING - 2024-01-31 00:35:19 --> [DEPRECATED] Creation of dynamic property App\Controllers\Productos::$categorias is deprecated in APPPATH\Controllers\Productos.php on line 15.
 1 SYSTEMPATH\CodeIgniter.php(913): App\Controllers\Productos->__construct()
 2 SYSTEMPATH\CodeIgniter.php(493): CodeIgniter\CodeIgniter->createController()
 3 SYSTEMPATH\CodeIgniter.php(361): CodeIgniter\CodeIgniter->handleRequest(null, Object(Config\Cache), false)
 4 FCPATH\index.php(79): CodeIgniter\CodeIgniter->run()
WARNING - 2024-01-31 00:35:23 --> [DEPRECATED] Creation of dynamic property App\Controllers\Productos::$unidades is deprecated in APPPATH\Controllers\Productos.php on line 14.
 1 SYSTEMPATH\CodeIgniter.php(913): App\Controllers\Productos->__construct()
 2 SYSTEMPATH\CodeIgniter.php(493): CodeIgniter\CodeIgniter->createController()
 3 SYSTEMPATH\CodeIgniter.php(361): CodeIgniter\CodeIgniter->handleRequest(null, Object(Config\Cache), false)
 4 FCPATH\index.php(79): CodeIgniter\CodeIgniter->run()
WARNING - 2024-01-31 00:35:23 --> [DEPRECATED] Creation of dynamic property App\Controllers\Productos::$categorias is deprecated in APPPATH\Controllers\Productos.php on line 15.
 1 SYSTEMPATH\CodeIgniter.php(913): App\Controllers\Productos->__construct()
 2 SYSTEMPATH\CodeIgniter.php(493): CodeIgniter\CodeIgniter->createController()
 3 SYSTEMPATH\CodeIgniter.php(361): CodeIgniter\CodeIgniter->handleRequest(null, Object(Config\Cache), false)
 4 FCPATH\index.php(79): CodeIgniter\CodeIgniter->run()
WARNING - 2024-01-31 00:35:25 --> [DEPRECATED] Creation of dynamic property App\Controllers\Productos::$unidades is deprecated in APPPATH\Controllers\Productos.php on line 14.
 1 SYSTEMPATH\CodeIgniter.php(913): App\Controllers\Productos->__construct()
 2 SYSTEMPATH\CodeIgniter.php(493): CodeIgniter\CodeIgniter->createController()
 3 SYSTEMPATH\CodeIgniter.php(361): CodeIgniter\CodeIgniter->handleRequest(null, Object(Config\Cache), false)
 4 FCPATH\index.php(79): CodeIgniter\CodeIgniter->run()
WARNING - 2024-01-31 00:35:25 --> [DEPRECATED] Creation of dynamic property App\Controllers\Productos::$categorias is deprecated in APPPATH\Controllers\Productos.php on line 15.
 1 SYSTEMPATH\CodeIgniter.php(913): App\Controllers\Productos->__construct()
 2 SYSTEMPATH\CodeIgniter.php(493): CodeIgniter\CodeIgniter->createController()
 3 SYSTEMPATH\CodeIgniter.php(361): CodeIgniter\CodeIgniter->handleRequest(null, Object(Config\Cache), false)
 4 FCPATH\index.php(79): CodeIgniter\CodeIgniter->run()
WARNING - 2024-01-31 00:35:29 --> [DEPRECATED] Creation of dynamic property App\Controllers\Productos::$unidades is deprecated in APPPATH\Controllers\Productos.php on line 14.
 1 SYSTEMPATH\CodeIgniter.php(913): App\Controllers\Productos->__construct()
 2 SYSTEMPATH\CodeIgniter.php(493): CodeIgniter\CodeIgniter->createController()
 3 SYSTEMPATH\CodeIgniter.php(361): CodeIgniter\CodeIgniter->handleRequest(null, Object(Config\Cache), false)
 4 FCPATH\index.php(79): CodeIgniter\CodeIgniter->run()
WARNING - 2024-01-31 00:35:29 --> [DEPRECATED] Creation of dynamic property App\Controllers\Productos::$categorias is deprecated in APPPATH\Controllers\Productos.php on line 15.
 1 SYSTEMPATH\CodeIgniter.php(913): App\Controllers\Productos->__construct()
 2 SYSTEMPATH\CodeIgniter.php(493): CodeIgniter\CodeIgniter->createController()
 3 SYSTEMPATH\CodeIgniter.php(361): CodeIgniter\CodeIgniter->handleRequest(null, Object(Config\Cache), false)
 4 FCPATH\index.php(79): CodeIgniter\CodeIgniter->run()
WARNING - 2024-01-31 00:36:07 --> [DEPRECATED] Creation of dynamic property App\Controllers\Productos::$unidades is deprecated in APPPATH\Controllers\Productos.php on line 14.
 1 SYSTEMPATH\CodeIgniter.php(913): App\Controllers\Productos->__construct()
 2 SYSTEMPATH\CodeIgniter.php(493): CodeIgniter\CodeIgniter->createController()
 3 SYSTEMPATH\CodeIgniter.php(361): CodeIgniter\CodeIgniter->handleRequest(null, Object(Config\Cache), false)
 4 FCPATH\index.php(79): CodeIgniter\CodeIgniter->run()
WARNING - 2024-01-31 00:36:07 --> [DEPRECATED] Creation of dynamic property App\Controllers\Productos::$categorias is deprecated in APPPATH\Controllers\Productos.php on line 15.
 1 SYSTEMPATH\CodeIgniter.php(913): App\Controllers\Productos->__construct()
 2 SYSTEMPATH\CodeIgniter.php(493): CodeIgniter\CodeIgniter->createController()
 3 SYSTEMPATH\CodeIgniter.php(361): CodeIgniter\CodeIgniter->handleRequest(null, Object(Config\Cache), false)
 4 FCPATH\index.php(79): CodeIgniter\CodeIgniter->run()
WARNING - 2024-01-31 00:36:08 --> [DEPRECATED] Creation of dynamic property App\Controllers\Productos::$unidades is deprecated in APPPATH\Controllers\Productos.php on line 14.
 1 SYSTEMPATH\CodeIgniter.php(913): App\Controllers\Productos->__construct()
 2 SYSTEMPATH\CodeIgniter.php(493): CodeIgniter\CodeIgniter->createController()
 3 SYSTEMPATH\CodeIgniter.php(361): CodeIgniter\CodeIgniter->handleRequest(null, Object(Config\Cache), false)
 4 FCPATH\index.php(79): CodeIgniter\CodeIgniter->run()
WARNING - 2024-01-31 00:36:08 --> [DEPRECATED] Creation of dynamic property App\Controllers\Productos::$categorias is deprecated in APPPATH\Controllers\Productos.php on line 15.
 1 SYSTEMPATH\CodeIgniter.php(913): App\Controllers\Productos->__construct()
 2 SYSTEMPATH\CodeIgniter.php(493): CodeIgniter\CodeIgniter->createController()
 3 SYSTEMPATH\CodeIgniter.php(361): CodeIgniter\CodeIgniter->handleRequest(null, Object(Config\Cache), false)
 4 FCPATH\index.php(79): CodeIgniter\CodeIgniter->run()
WARNING - 2024-01-31 00:36:48 --> [DEPRECATED] Creation of dynamic property App\Controllers\Productos::$unidades is deprecated in APPPATH\Controllers\Productos.php on line 14.
 1 SYSTEMPATH\CodeIgniter.php(913): App\Controllers\Productos->__construct()
 2 SYSTEMPATH\CodeIgniter.php(493): CodeIgniter\CodeIgniter->createController()
 3 SYSTEMPATH\CodeIgniter.php(361): CodeIgniter\CodeIgniter->handleRequest(null, Object(Config\Cache), false)
 4 FCPATH\index.php(79): CodeIgniter\CodeIgniter->run()
WARNING - 2024-01-31 00:36:48 --> [DEPRECATED] Creation of dynamic property App\Controllers\Productos::$categorias is deprecated in APPPATH\Controllers\Productos.php on line 15.
 1 SYSTEMPATH\CodeIgniter.php(913): App\Controllers\Productos->__construct()
 2 SYSTEMPATH\CodeIgniter.php(493): CodeIgniter\CodeIgniter->createController()
 3 SYSTEMPATH\CodeIgniter.php(361): CodeIgniter\CodeIgniter->handleRequest(null, Object(Config\Cache), false)
 4 FCPATH\index.php(79): CodeIgniter\CodeIgniter->run()
WARNING - 2024-01-31 00:36:50 --> [DEPRECATED] Creation of dynamic property App\Controllers\Productos::$unidades is deprecated in APPPATH\Controllers\Productos.php on line 14.
 1 SYSTEMPATH\CodeIgniter.php(913): App\Controllers\Productos->__construct()
 2 SYSTEMPATH\CodeIgniter.php(493): CodeIgniter\CodeIgniter->createController()
 3 SYSTEMPATH\CodeIgniter.php(361): CodeIgniter\CodeIgniter->handleRequest(null, Object(Config\Cache), false)
 4 FCPATH\index.php(79): CodeIgniter\CodeIgniter->run()
WARNING - 2024-01-31 00:36:50 --> [DEPRECATED] Creation of dynamic property App\Controllers\Productos::$categorias is deprecated in APPPATH\Controllers\Productos.php on line 15.
 1 SYSTEMPATH\CodeIgniter.php(913): App\Controllers\Productos->__construct()
 2 SYSTEMPATH\CodeIgniter.php(493): CodeIgniter\CodeIgniter->createController()
 3 SYSTEMPATH\CodeIgniter.php(361): CodeIgniter\CodeIgniter->handleRequest(null, Object(Config\Cache), false)
 4 FCPATH\index.php(79): CodeIgniter\CodeIgniter->run()
WARNING - 2024-01-31 00:37:52 --> [DEPRECATED] Creation of dynamic property App\Controllers\Productos::$unidades is deprecated in APPPATH\Controllers\Productos.php on line 14.
 1 SYSTEMPATH\CodeIgniter.php(913): App\Controllers\Productos->__construct()
 2 SYSTEMPATH\CodeIgniter.php(493): CodeIgniter\CodeIgniter->createController()
 3 SYSTEMPATH\CodeIgniter.php(361): CodeIgniter\CodeIgniter->handleRequest(null, Object(Config\Cache), false)
 4 FCPATH\index.php(79): CodeIgniter\CodeIgniter->run()
WARNING - 2024-01-31 00:37:52 --> [DEPRECATED] Creation of dynamic property App\Controllers\Productos::$categorias is deprecated in APPPATH\Controllers\Productos.php on line 15.
 1 SYSTEMPATH\CodeIgniter.php(913): App\Controllers\Productos->__construct()
 2 SYSTEMPATH\CodeIgniter.php(493): CodeIgniter\CodeIgniter->createController()
 3 SYSTEMPATH\CodeIgniter.php(361): CodeIgniter\CodeIgniter->handleRequest(null, Object(Config\Cache), false)
 4 FCPATH\index.php(79): CodeIgniter\CodeIgniter->run()
WARNING - 2024-01-31 00:37:52 --> [DEPRECATED] Creation of dynamic property App\Controllers\Productos::$unidades is deprecated in APPPATH\Controllers\Productos.php on line 14.
 1 SYSTEMPATH\CodeIgniter.php(913): App\Controllers\Productos->__construct()
 2 SYSTEMPATH\CodeIgniter.php(493): CodeIgniter\CodeIgniter->createController()
 3 SYSTEMPATH\CodeIgniter.php(361): CodeIgniter\CodeIgniter->handleRequest(null, Object(Config\Cache), false)
 4 FCPATH\index.php(79): CodeIgniter\CodeIgniter->run()
WARNING - 2024-01-31 00:37:52 --> [DEPRECATED] Creation of dynamic property App\Controllers\Productos::$categorias is deprecated in APPPATH\Controllers\Productos.php on line 15.
 1 SYSTEMPATH\CodeIgniter.php(913): App\Controllers\Productos->__construct()
 2 SYSTEMPATH\CodeIgniter.php(493): CodeIgniter\CodeIgniter->createController()
 3 SYSTEMPATH\CodeIgniter.php(361): CodeIgniter\CodeIgniter->handleRequest(null, Object(Config\Cache), false)
 4 FCPATH\index.php(79): CodeIgniter\CodeIgniter->run()
