CRITICAL - 2024-01-21 19:04:09 --> CodeIgniter\View\Exceptions\ViewException: Invalid file: "unidades.php"
in SYSTEMPATH\Exceptions\FrameworkException.php on line 39.
 1 SYSTEMPATH\View\View.php(216): CodeIgniter\Exceptions\FrameworkException::forInvalidFile('unidades.php')
 2 SYSTEMPATH\Common.php(1178): CodeIgniter\View\View->render('unidades', [], true)
 3 APPPATH\Controllers\Unidades.php(21): view('unidades', [...])
 4 SYSTEMPATH\CodeIgniter.php(941): App\Controllers\Unidades->index()
 5 SYSTEMPATH\CodeIgniter.php(502): CodeIgniter\CodeIgniter->runController(Object(App\Controllers\Unidades))
 6 SYSTEMPATH\CodeIgniter.php(361): CodeIgniter\CodeIgniter->handleRequest(null, Object(Config\Cache), false)
 7 FCPATH\index.php(79): CodeIgniter\CodeIgniter->run()
CRITICAL - 2024-01-21 19:04:17 --> CodeIgniter\View\Exceptions\ViewException: Invalid file: "unidades.php"
in SYSTEMPATH\Exceptions\FrameworkException.php on line 39.
 1 SYSTEMPATH\View\View.php(216): CodeIgniter\Exceptions\FrameworkException::forInvalidFile('unidades.php')
 2 SYSTEMPATH\Common.php(1178): CodeIgniter\View\View->render('unidades', [], true)
 3 APPPATH\Controllers\Unidades.php(21): view('unidades', [...])
 4 SYSTEMPATH\CodeIgniter.php(941): App\Controllers\Unidades->index()
 5 SYSTEMPATH\CodeIgniter.php(502): CodeIgniter\CodeIgniter->runController(Object(App\Controllers\Unidades))
 6 SYSTEMPATH\CodeIgniter.php(361): CodeIgniter\CodeIgniter->handleRequest(null, Object(Config\Cache), false)
 7 FCPATH\index.php(79): CodeIgniter\CodeIgniter->run()
CRITICAL - 2024-01-21 19:04:24 --> CodeIgniter\View\Exceptions\ViewException: Invalid file: "unidades.php"
in SYSTEMPATH\Exceptions\FrameworkException.php on line 39.
 1 SYSTEMPATH\View\View.php(216): CodeIgniter\Exceptions\FrameworkException::forInvalidFile('unidades.php')
 2 SYSTEMPATH\Common.php(1178): CodeIgniter\View\View->render('unidades', [], true)
 3 APPPATH\Controllers\Unidades.php(21): view('unidades', [...])
 4 SYSTEMPATH\CodeIgniter.php(941): App\Controllers\Unidades->index()
 5 SYSTEMPATH\CodeIgniter.php(502): CodeIgniter\CodeIgniter->runController(Object(App\Controllers\Unidades))
 6 SYSTEMPATH\CodeIgniter.php(361): CodeIgniter\CodeIgniter->handleRequest(null, Object(Config\Cache), false)
 7 FCPATH\index.php(79): CodeIgniter\CodeIgniter->run()
CRITICAL - 2024-01-21 21:32:18 --> ErrorException: Maximum execution time of 120 seconds exceeded
in SYSTEMPATH\Debug\Exceptions.php on line 202.
 1 [internal function]: CodeIgniter\Debug\Exceptions->shutdownHandler()
CRITICAL - 2024-01-21 21:32:33 --> ErrorException: Maximum execution time of 120 seconds exceeded
in SYSTEMPATH\Debug\Exceptions.php on line 202.
 1 [internal function]: CodeIgniter\Debug\Exceptions->shutdownHandler()
CRITICAL - 2024-01-21 21:32:46 --> ErrorException: Maximum execution time of 120 seconds exceeded
in SYSTEMPATH\Debug\Exceptions.php on line 202.
 1 [internal function]: CodeIgniter\Debug\Exceptions->shutdownHandler()
CRITICAL - 2024-01-21 21:32:59 --> ErrorException: Maximum execution time of 120 seconds exceeded
in SYSTEMPATH\Debug\Exceptions.php on line 202.
 1 [internal function]: CodeIgniter\Debug\Exceptions->shutdownHandler()
CRITICAL - 2024-01-21 21:37:54 --> ErrorException: Cannot redeclare App\Controllers\Unidades::insertar()
in APPPATH\Controllers\Unidades.php on line 53.
 1 [internal function]: CodeIgniter\Debug\Exceptions->shutdownHandler()
CRITICAL - 2024-01-21 21:37:58 --> ErrorException: Cannot redeclare App\Controllers\Unidades::insertar()
in APPPATH\Controllers\Unidades.php on line 53.
 1 [internal function]: CodeIgniter\Debug\Exceptions->shutdownHandler()
CRITICAL - 2024-01-21 23:08:32 --> Error: Class "App\Models\CategoriasModel" not found
in APPPATH\Controllers\Categorias.php on line 11.
 1 SYSTEMPATH\CodeIgniter.php(913): App\Controllers\Categorias->__construct()
 2 SYSTEMPATH\CodeIgniter.php(493): CodeIgniter\CodeIgniter->createController()
 3 SYSTEMPATH\CodeIgniter.php(361): CodeIgniter\CodeIgniter->handleRequest(null, Object(Config\Cache), false)
 4 FCPATH\index.php(79): CodeIgniter\CodeIgniter->run()
CRITICAL - 2024-01-21 23:10:46 --> Error: Class "App\Models\CategoriasModel" not found
in APPPATH\Controllers\Categorias.php on line 11.
 1 SYSTEMPATH\CodeIgniter.php(913): App\Controllers\Categorias->__construct()
 2 SYSTEMPATH\CodeIgniter.php(493): CodeIgniter\CodeIgniter->createController()
 3 SYSTEMPATH\CodeIgniter.php(361): CodeIgniter\CodeIgniter->handleRequest(null, Object(Config\Cache), false)
 4 FCPATH\index.php(79): CodeIgniter\CodeIgniter->run()
