CRITICAL - 2024-01-22 00:50:51 --> TypeError: CodeIgniter\Router\RouteCollection::get(): Argument #3 ($options) must be of type ?array, string given, called in C:\xampp\htdocs\pos-php\app\Config\Routes.php on line 13
in SYSTEMPATH\Router\RouteCollection.php on line 1017.
 1 APPPATH\Config\Routes.php(13): CodeIgniter\Router\RouteCollection->get('/', 'categorias', 'Categorias::index')
 2 SYSTEMPATH\Router\RouteCollection.php(344): require('C:\\xampp\\htdocs\\pos-php\\app\\Config\\Routes.php')
 3 SYSTEMPATH\CodeIgniter.php(810): CodeIgniter\Router\RouteCollection->loadRoutes()
 4 SYSTEMPATH\CodeIgniter.php(450): CodeIgniter\CodeIgniter->tryToRouteIt(null)
 5 SYSTEMPATH\CodeIgniter.php(361): CodeIgniter\CodeIgniter->handleRequest(null, Object(Config\Cache), false)
 6 FCPATH\index.php(79): CodeIgniter\CodeIgniter->run()
CRITICAL - 2024-01-22 00:51:15 --> TypeError: CodeIgniter\Router\RouteCollection::get(): Argument #3 ($options) must be of type ?array, string given, called in C:\xampp\htdocs\pos-php\app\Config\Routes.php on line 13
in SYSTEMPATH\Router\RouteCollection.php on line 1017.
 1 APPPATH\Config\Routes.php(13): CodeIgniter\Router\RouteCollection->get('/', 'categorias', 'Categorias::index')
 2 SYSTEMPATH\Router\RouteCollection.php(344): require('C:\\xampp\\htdocs\\pos-php\\app\\Config\\Routes.php')
 3 SYSTEMPATH\CodeIgniter.php(810): CodeIgniter\Router\RouteCollection->loadRoutes()
 4 SYSTEMPATH\CodeIgniter.php(450): CodeIgniter\CodeIgniter->tryToRouteIt(null)
 5 SYSTEMPATH\CodeIgniter.php(361): CodeIgniter\CodeIgniter->handleRequest(null, Object(Config\Cache), false)
 6 FCPATH\index.php(79): CodeIgniter\CodeIgniter->run()
CRITICAL - 2024-01-22 00:51:16 --> TypeError: CodeIgniter\Router\RouteCollection::get(): Argument #3 ($options) must be of type ?array, string given, called in C:\xampp\htdocs\pos-php\app\Config\Routes.php on line 13
in SYSTEMPATH\Router\RouteCollection.php on line 1017.
 1 APPPATH\Config\Routes.php(13): CodeIgniter\Router\RouteCollection->get('/', 'categorias', 'Categorias::index')
 2 SYSTEMPATH\Router\RouteCollection.php(344): require('C:\\xampp\\htdocs\\pos-php\\app\\Config\\Routes.php')
 3 SYSTEMPATH\CodeIgniter.php(810): CodeIgniter\Router\RouteCollection->loadRoutes()
 4 SYSTEMPATH\CodeIgniter.php(450): CodeIgniter\CodeIgniter->tryToRouteIt(null)
 5 SYSTEMPATH\CodeIgniter.php(361): CodeIgniter\CodeIgniter->handleRequest(null, Object(Config\Cache), false)
 6 FCPATH\index.php(79): CodeIgniter\CodeIgniter->run()
CRITICAL - 2024-01-22 00:52:29 --> TypeError: CodeIgniter\Router\RouteCollection::get(): Argument #3 ($options) must be of type ?array, string given, called in C:\xampp\htdocs\pos-php\app\Config\Routes.php on line 13
in SYSTEMPATH\Router\RouteCollection.php on line 1017.
 1 APPPATH\Config\Routes.php(13): CodeIgniter\Router\RouteCollection->get('/', 'categorias', 'Categorias::index')
 2 SYSTEMPATH\Router\RouteCollection.php(344): require('C:\\xampp\\htdocs\\pos-php\\app\\Config\\Routes.php')
 3 SYSTEMPATH\CodeIgniter.php(810): CodeIgniter\Router\RouteCollection->loadRoutes()
 4 SYSTEMPATH\CodeIgniter.php(450): CodeIgniter\CodeIgniter->tryToRouteIt(null)
 5 SYSTEMPATH\CodeIgniter.php(361): CodeIgniter\CodeIgniter->handleRequest(null, Object(Config\Cache), false)
 6 FCPATH\index.php(79): CodeIgniter\CodeIgniter->run()
CRITICAL - 2024-01-22 00:52:30 --> TypeError: CodeIgniter\Router\RouteCollection::get(): Argument #3 ($options) must be of type ?array, string given, called in C:\xampp\htdocs\pos-php\app\Config\Routes.php on line 13
in SYSTEMPATH\Router\RouteCollection.php on line 1017.
 1 APPPATH\Config\Routes.php(13): CodeIgniter\Router\RouteCollection->get('/', 'categorias', 'Categorias::index')
 2 SYSTEMPATH\Router\RouteCollection.php(344): require('C:\\xampp\\htdocs\\pos-php\\app\\Config\\Routes.php')
 3 SYSTEMPATH\CodeIgniter.php(810): CodeIgniter\Router\RouteCollection->loadRoutes()
 4 SYSTEMPATH\CodeIgniter.php(450): CodeIgniter\CodeIgniter->tryToRouteIt(null)
 5 SYSTEMPATH\CodeIgniter.php(361): CodeIgniter\CodeIgniter->handleRequest(null, Object(Config\Cache), false)
 6 FCPATH\index.php(79): CodeIgniter\CodeIgniter->run()
CRITICAL - 2024-01-22 00:52:31 --> TypeError: CodeIgniter\Router\RouteCollection::get(): Argument #3 ($options) must be of type ?array, string given, called in C:\xampp\htdocs\pos-php\app\Config\Routes.php on line 13
in SYSTEMPATH\Router\RouteCollection.php on line 1017.
 1 APPPATH\Config\Routes.php(13): CodeIgniter\Router\RouteCollection->get('/', 'categorias', 'Categorias::index')
 2 SYSTEMPATH\Router\RouteCollection.php(344): require('C:\\xampp\\htdocs\\pos-php\\app\\Config\\Routes.php')
 3 SYSTEMPATH\CodeIgniter.php(810): CodeIgniter\Router\RouteCollection->loadRoutes()
 4 SYSTEMPATH\CodeIgniter.php(450): CodeIgniter\CodeIgniter->tryToRouteIt(null)
 5 SYSTEMPATH\CodeIgniter.php(361): CodeIgniter\CodeIgniter->handleRequest(null, Object(Config\Cache), false)
 6 FCPATH\index.php(79): CodeIgniter\CodeIgniter->run()
CRITICAL - 2024-01-22 00:52:32 --> TypeError: CodeIgniter\Router\RouteCollection::get(): Argument #3 ($options) must be of type ?array, string given, called in C:\xampp\htdocs\pos-php\app\Config\Routes.php on line 13
in SYSTEMPATH\Router\RouteCollection.php on line 1017.
 1 APPPATH\Config\Routes.php(13): CodeIgniter\Router\RouteCollection->get('/', 'categorias', 'Categorias::index')
 2 SYSTEMPATH\Router\RouteCollection.php(344): require('C:\\xampp\\htdocs\\pos-php\\app\\Config\\Routes.php')
 3 SYSTEMPATH\CodeIgniter.php(810): CodeIgniter\Router\RouteCollection->loadRoutes()
 4 SYSTEMPATH\CodeIgniter.php(450): CodeIgniter\CodeIgniter->tryToRouteIt(null)
 5 SYSTEMPATH\CodeIgniter.php(361): CodeIgniter\CodeIgniter->handleRequest(null, Object(Config\Cache), false)
 6 FCPATH\index.php(79): CodeIgniter\CodeIgniter->run()
CRITICAL - 2024-01-22 00:52:35 --> TypeError: CodeIgniter\Router\RouteCollection::get(): Argument #3 ($options) must be of type ?array, string given, called in C:\xampp\htdocs\pos-php\app\Config\Routes.php on line 13
in SYSTEMPATH\Router\RouteCollection.php on line 1017.
 1 APPPATH\Config\Routes.php(13): CodeIgniter\Router\RouteCollection->get('/', 'categorias', 'Categorias::index')
 2 SYSTEMPATH\Router\RouteCollection.php(344): require('C:\\xampp\\htdocs\\pos-php\\app\\Config\\Routes.php')
 3 SYSTEMPATH\CodeIgniter.php(810): CodeIgniter\Router\RouteCollection->loadRoutes()
 4 SYSTEMPATH\CodeIgniter.php(450): CodeIgniter\CodeIgniter->tryToRouteIt(null)
 5 SYSTEMPATH\CodeIgniter.php(361): CodeIgniter\CodeIgniter->handleRequest(null, Object(Config\Cache), false)
 6 FCPATH\index.php(79): CodeIgniter\CodeIgniter->run()
CRITICAL - 2024-01-22 00:52:38 --> TypeError: CodeIgniter\Router\RouteCollection::get(): Argument #3 ($options) must be of type ?array, string given, called in C:\xampp\htdocs\pos-php\app\Config\Routes.php on line 13
in SYSTEMPATH\Router\RouteCollection.php on line 1017.
 1 APPPATH\Config\Routes.php(13): CodeIgniter\Router\RouteCollection->get('/', 'categorias', 'Categorias::index')
 2 SYSTEMPATH\Router\RouteCollection.php(344): require('C:\\xampp\\htdocs\\pos-php\\app\\Config\\Routes.php')
 3 SYSTEMPATH\CodeIgniter.php(810): CodeIgniter\Router\RouteCollection->loadRoutes()
 4 SYSTEMPATH\CodeIgniter.php(450): CodeIgniter\CodeIgniter->tryToRouteIt(null)
 5 SYSTEMPATH\CodeIgniter.php(361): CodeIgniter\CodeIgniter->handleRequest(null, Object(Config\Cache), false)
 6 FCPATH\index.php(79): CodeIgniter\CodeIgniter->run()
CRITICAL - 2024-01-22 00:52:43 --> TypeError: CodeIgniter\Router\RouteCollection::get(): Argument #3 ($options) must be of type ?array, string given, called in C:\xampp\htdocs\pos-php\app\Config\Routes.php on line 13
in SYSTEMPATH\Router\RouteCollection.php on line 1017.
 1 APPPATH\Config\Routes.php(13): CodeIgniter\Router\RouteCollection->get('/', 'categorias', 'Categorias::index')
 2 SYSTEMPATH\Router\RouteCollection.php(344): require('C:\\xampp\\htdocs\\pos-php\\app\\Config\\Routes.php')
 3 SYSTEMPATH\CodeIgniter.php(810): CodeIgniter\Router\RouteCollection->loadRoutes()
 4 SYSTEMPATH\CodeIgniter.php(450): CodeIgniter\CodeIgniter->tryToRouteIt(null)
 5 SYSTEMPATH\CodeIgniter.php(361): CodeIgniter\CodeIgniter->handleRequest(null, Object(Config\Cache), false)
 6 FCPATH\index.php(79): CodeIgniter\CodeIgniter->run()
CRITICAL - 2024-01-22 00:52:43 --> TypeError: CodeIgniter\Router\RouteCollection::get(): Argument #3 ($options) must be of type ?array, string given, called in C:\xampp\htdocs\pos-php\app\Config\Routes.php on line 13
in SYSTEMPATH\Router\RouteCollection.php on line 1017.
 1 APPPATH\Config\Routes.php(13): CodeIgniter\Router\RouteCollection->get('/', 'categorias', 'Categorias::index')
 2 SYSTEMPATH\Router\RouteCollection.php(344): require('C:\\xampp\\htdocs\\pos-php\\app\\Config\\Routes.php')
 3 SYSTEMPATH\CodeIgniter.php(810): CodeIgniter\Router\RouteCollection->loadRoutes()
 4 SYSTEMPATH\CodeIgniter.php(450): CodeIgniter\CodeIgniter->tryToRouteIt(null)
 5 SYSTEMPATH\CodeIgniter.php(361): CodeIgniter\CodeIgniter->handleRequest(null, Object(Config\Cache), false)
 6 FCPATH\index.php(79): CodeIgniter\CodeIgniter->run()
CRITICAL - 2024-01-22 01:00:05 --> TypeError: CodeIgniter\Router\RouteCollection::get(): Argument #3 ($options) must be of type ?array, string given, called in C:\xampp\htdocs\pos-php\app\Config\Routes.php on line 13
in SYSTEMPATH\Router\RouteCollection.php on line 1017.
 1 APPPATH\Config\Routes.php(13): CodeIgniter\Router\RouteCollection->get('/', 'categorias', 'Categorias::index')
 2 SYSTEMPATH\Router\RouteCollection.php(344): require('C:\\xampp\\htdocs\\pos-php\\app\\Config\\Routes.php')
 3 SYSTEMPATH\CodeIgniter.php(810): CodeIgniter\Router\RouteCollection->loadRoutes()
 4 SYSTEMPATH\CodeIgniter.php(450): CodeIgniter\CodeIgniter->tryToRouteIt(null)
 5 SYSTEMPATH\CodeIgniter.php(361): CodeIgniter\CodeIgniter->handleRequest(null, Object(Config\Cache), false)
 6 FCPATH\index.php(79): CodeIgniter\CodeIgniter->run()
CRITICAL - 2024-01-22 01:01:22 --> ParseError: syntax error, unexpected token "*", expecting end of file
in APPPATH\Config\Routes.php on line 25.
 1 SYSTEMPATH\CodeIgniter.php(810): CodeIgniter\Router\RouteCollection->loadRoutes()
 2 SYSTEMPATH\CodeIgniter.php(450): CodeIgniter\CodeIgniter->tryToRouteIt(null)
 3 SYSTEMPATH\CodeIgniter.php(361): CodeIgniter\CodeIgniter->handleRequest(null, Object(Config\Cache), false)
 4 FCPATH\index.php(79): CodeIgniter\CodeIgniter->run()
CRITICAL - 2024-01-22 01:01:23 --> ParseError: syntax error, unexpected token "*", expecting end of file
in APPPATH\Config\Routes.php on line 25.
 1 SYSTEMPATH\CodeIgniter.php(810): CodeIgniter\Router\RouteCollection->loadRoutes()
 2 SYSTEMPATH\CodeIgniter.php(450): CodeIgniter\CodeIgniter->tryToRouteIt(null)
 3 SYSTEMPATH\CodeIgniter.php(361): CodeIgniter\CodeIgniter->handleRequest(null, Object(Config\Cache), false)
 4 FCPATH\index.php(79): CodeIgniter\CodeIgniter->run()
CRITICAL - 2024-01-22 12:44:56 --> ParseError: Unterminated comment starting line 9
in APPPATH\Config\Routes.php on line 9.
 1 SYSTEMPATH\CodeIgniter.php(810): CodeIgniter\Router\RouteCollection->loadRoutes()
 2 SYSTEMPATH\CodeIgniter.php(450): CodeIgniter\CodeIgniter->tryToRouteIt(null)
 3 SYSTEMPATH\CodeIgniter.php(361): CodeIgniter\CodeIgniter->handleRequest(null, Object(Config\Cache), false)
 4 FCPATH\index.php(79): CodeIgniter\CodeIgniter->run()
CRITICAL - 2024-01-22 12:44:59 --> ParseError: Unterminated comment starting line 9
in APPPATH\Config\Routes.php on line 9.
 1 SYSTEMPATH\CodeIgniter.php(810): CodeIgniter\Router\RouteCollection->loadRoutes()
 2 SYSTEMPATH\CodeIgniter.php(450): CodeIgniter\CodeIgniter->tryToRouteIt(null)
 3 SYSTEMPATH\CodeIgniter.php(361): CodeIgniter\CodeIgniter->handleRequest(null, Object(Config\Cache), false)
 4 FCPATH\index.php(79): CodeIgniter\CodeIgniter->run()
CRITICAL - 2024-01-22 13:27:50 --> TypeError: CodeIgniter\Router\RouteCollection::get(): Argument #3 ($options) must be of type ?array, string given, called in C:\xampp\htdocs\pos-php\app\Config\Routes.php on line 24
in SYSTEMPATH\Router\RouteCollection.php on line 1017.
 1 APPPATH\Config\Routes.php(24): CodeIgniter\Router\RouteCollection->get('/', 'categorias', 'Categorias::index')
 2 SYSTEMPATH\Router\RouteCollection.php(344): require('C:\\xampp\\htdocs\\pos-php\\app\\Config\\Routes.php')
 3 SYSTEMPATH\CodeIgniter.php(810): CodeIgniter\Router\RouteCollection->loadRoutes()
 4 SYSTEMPATH\CodeIgniter.php(450): CodeIgniter\CodeIgniter->tryToRouteIt(null)
 5 SYSTEMPATH\CodeIgniter.php(361): CodeIgniter\CodeIgniter->handleRequest(null, Object(Config\Cache), false)
 6 FCPATH\index.php(79): CodeIgniter\CodeIgniter->run()
CRITICAL - 2024-01-22 14:16:54 --> Error: Call to undefined function group()
in APPPATH\Config\Routes.php on line 8.
 1 SYSTEMPATH\Router\RouteCollection.php(344): require()
 2 SYSTEMPATH\CodeIgniter.php(810): CodeIgniter\Router\RouteCollection->loadRoutes()
 3 SYSTEMPATH\CodeIgniter.php(450): CodeIgniter\CodeIgniter->tryToRouteIt(null)
 4 SYSTEMPATH\CodeIgniter.php(361): CodeIgniter\CodeIgniter->handleRequest(null, Object(Config\Cache), false)
 5 FCPATH\index.php(79): CodeIgniter\CodeIgniter->run()
CRITICAL - 2024-01-22 14:16:59 --> Error: Call to undefined function group()
in APPPATH\Config\Routes.php on line 8.
 1 SYSTEMPATH\Router\RouteCollection.php(344): require()
 2 SYSTEMPATH\CodeIgniter.php(810): CodeIgniter\Router\RouteCollection->loadRoutes()
 3 SYSTEMPATH\CodeIgniter.php(450): CodeIgniter\CodeIgniter->tryToRouteIt(null)
 4 SYSTEMPATH\CodeIgniter.php(361): CodeIgniter\CodeIgniter->handleRequest(null, Object(Config\Cache), false)
 5 FCPATH\index.php(79): CodeIgniter\CodeIgniter->run()
CRITICAL - 2024-01-22 14:17:54 --> Error: Call to undefined function group()
in APPPATH\Config\Routes.php on line 8.
 1 SYSTEMPATH\Router\RouteCollection.php(344): require()
 2 SYSTEMPATH\CodeIgniter.php(810): CodeIgniter\Router\RouteCollection->loadRoutes()
 3 SYSTEMPATH\CodeIgniter.php(450): CodeIgniter\CodeIgniter->tryToRouteIt(null)
 4 SYSTEMPATH\CodeIgniter.php(361): CodeIgniter\CodeIgniter->handleRequest(null, Object(Config\Cache), false)
 5 FCPATH\index.php(79): CodeIgniter\CodeIgniter->run()
CRITICAL - 2024-01-22 23:21:12 --> ParseError: syntax error, unexpected token "/", expecting end of file
in APPPATH\Config\Routes.php on line 10.
 1 SYSTEMPATH\CodeIgniter.php(810): CodeIgniter\Router\RouteCollection->loadRoutes()
 2 SYSTEMPATH\CodeIgniter.php(450): CodeIgniter\CodeIgniter->tryToRouteIt(null)
 3 SYSTEMPATH\CodeIgniter.php(361): CodeIgniter\CodeIgniter->handleRequest(null, Object(Config\Cache), false)
 4 FCPATH\index.php(79): CodeIgniter\CodeIgniter->run()
